2023/03/12 12:01:21 [notice] 1#1: using the "epoll" event method
2023/03/12 12:01:21 [notice] 1#1: nginx/1.23.3
2023/03/12 12:01:21 [notice] 1#1: built by gcc 10.2.1 20210110 (Debian 10.2.1-6) 
2023/03/12 12:01:21 [notice] 1#1: OS: Linux 5.15.0-67-generic
2023/03/12 12:01:21 [notice] 1#1: getrlimit(RLIMIT_NOFILE): 1048576:1048576
2023/03/12 12:01:21 [notice] 1#1: start worker processes
2023/03/12 12:01:21 [notice] 1#1: start worker process 28
2023/03/12 12:01:21 [notice] 1#1: start worker process 29
2023/03/12 12:01:21 [notice] 1#1: start worker process 30
2023/03/12 12:01:21 [notice] 1#1: start worker process 31
2023/03/12 12:01:21 [notice] 1#1: start worker process 32
2023/03/12 12:01:21 [notice] 1#1: start worker process 33
2023/03/12 12:01:21 [notice] 1#1: start worker process 34
2023/03/12 12:01:21 [notice] 1#1: start worker process 35
2023/03/12 12:01:49 [notice] 1#1: signal 3 (SIGQUIT) received, shutting down
2023/03/12 12:01:49 [notice] 29#29: gracefully shutting down
2023/03/12 12:01:49 [notice] 34#34: gracefully shutting down
2023/03/12 12:01:49 [notice] 32#32: gracefully shutting down
2023/03/12 12:01:49 [notice] 31#31: gracefully shutting down
2023/03/12 12:01:49 [notice] 30#30: gracefully shutting down
2023/03/12 12:01:49 [notice] 33#33: gracefully shutting down
2023/03/12 12:01:49 [notice] 30#30: exiting
2023/03/12 12:01:49 [notice] 35#35: gracefully shutting down
2023/03/12 12:01:49 [notice] 29#29: exiting
2023/03/12 12:01:49 [notice] 34#34: exiting
2023/03/12 12:01:49 [notice] 32#32: exiting
2023/03/12 12:01:49 [notice] 31#31: exiting
2023/03/12 12:01:49 [notice] 33#33: exiting
2023/03/12 12:01:49 [notice] 35#35: exiting
2023/03/12 12:01:49 [notice] 32#32: exit
2023/03/12 12:01:49 [notice] 34#34: exit
2023/03/12 12:01:49 [notice] 30#30: exit
2023/03/12 12:01:49 [notice] 31#31: exit
2023/03/12 12:01:49 [notice] 29#29: exit
2023/03/12 12:01:49 [notice] 33#33: exit
2023/03/12 12:01:49 [notice] 35#35: exit
2023/03/12 12:01:49 [notice] 28#28: gracefully shutting down
2023/03/12 12:01:49 [notice] 28#28: exiting
2023/03/12 12:01:49 [notice] 28#28: exit
2023/03/12 12:01:49 [notice] 1#1: signal 17 (SIGCHLD) received from 30
2023/03/12 12:01:49 [notice] 1#1: worker process 30 exited with code 0
2023/03/12 12:01:49 [notice] 1#1: signal 29 (SIGIO) received
2023/03/12 12:01:49 [notice] 1#1: signal 17 (SIGCHLD) received from 29
2023/03/12 12:01:49 [notice] 1#1: worker process 29 exited with code 0
2023/03/12 12:01:49 [notice] 1#1: signal 29 (SIGIO) received
2023/03/12 12:01:49 [notice] 1#1: signal 17 (SIGCHLD) received from 28
2023/03/12 12:01:49 [notice] 1#1: worker process 28 exited with code 0
2023/03/12 12:01:49 [notice] 1#1: signal 29 (SIGIO) received
2023/03/12 12:01:49 [notice] 1#1: signal 17 (SIGCHLD) received from 35
2023/03/12 12:01:49 [notice] 1#1: worker process 35 exited with code 0
2023/03/12 12:01:49 [notice] 1#1: signal 29 (SIGIO) received
2023/03/12 12:01:49 [notice] 1#1: signal 17 (SIGCHLD) received from 32
2023/03/12 12:01:49 [notice] 1#1: worker process 32 exited with code 0
2023/03/12 12:01:49 [notice] 1#1: worker process 31 exited with code 0
2023/03/12 12:01:49 [notice] 1#1: signal 29 (SIGIO) received
2023/03/12 12:01:49 [notice] 1#1: signal 17 (SIGCHLD) received from 31
2023/03/12 12:01:49 [notice] 1#1: worker process 34 exited with code 0
2023/03/12 12:01:49 [notice] 1#1: signal 29 (SIGIO) received
2023/03/12 12:01:49 [notice] 1#1: signal 17 (SIGCHLD) received from 34
2023/03/12 12:01:49 [notice] 1#1: signal 17 (SIGCHLD) received from 33
2023/03/12 12:01:49 [notice] 1#1: worker process 33 exited with code 0
2023/03/12 12:01:49 [notice] 1#1: exit
2023/03/12 12:01:58 [notice] 1#1: using the "epoll" event method
2023/03/12 12:01:58 [notice] 1#1: nginx/1.23.3
2023/03/12 12:01:58 [notice] 1#1: built by gcc 10.2.1 20210110 (Debian 10.2.1-6) 
2023/03/12 12:01:58 [notice] 1#1: OS: Linux 5.15.0-67-generic
2023/03/12 12:01:58 [notice] 1#1: getrlimit(RLIMIT_NOFILE): 1048576:1048576
2023/03/12 12:01:58 [notice] 1#1: start worker processes
2023/03/12 12:01:58 [notice] 1#1: start worker process 28
2023/03/12 12:01:58 [notice] 1#1: start worker process 29
2023/03/12 12:01:58 [notice] 1#1: start worker process 30
2023/03/12 12:01:58 [notice] 1#1: start worker process 31
2023/03/12 12:01:58 [notice] 1#1: start worker process 32
2023/03/12 12:01:58 [notice] 1#1: start worker process 33
2023/03/12 12:01:58 [notice] 1#1: start worker process 34
2023/03/12 12:01:58 [notice] 1#1: start worker process 35
2023/03/12 12:02:05 [notice] 1#1: signal 3 (SIGQUIT) received, shutting down
2023/03/12 12:02:05 [notice] 30#30: gracefully shutting down
2023/03/12 12:02:05 [notice] 29#29: gracefully shutting down
2023/03/12 12:02:05 [notice] 32#32: gracefully shutting down
2023/03/12 12:02:05 [notice] 30#30: exiting
2023/03/12 12:02:05 [notice] 29#29: exiting
2023/03/12 12:02:05 [notice] 32#32: exiting
2023/03/12 12:02:05 [notice] 35#35: gracefully shutting down
2023/03/12 12:02:05 [notice] 35#35: exiting
2023/03/12 12:02:05 [notice] 29#29: exit
2023/03/12 12:02:05 [notice] 30#30: exit
2023/03/12 12:02:05 [notice] 32#32: exit
2023/03/12 12:02:05 [notice] 35#35: exit
2023/03/12 12:02:05 [notice] 28#28: gracefully shutting down
2023/03/12 12:02:05 [notice] 31#31: gracefully shutting down
2023/03/12 12:02:05 [notice] 28#28: exiting
2023/03/12 12:02:05 [notice] 31#31: exiting
2023/03/12 12:02:05 [notice] 28#28: exit
2023/03/12 12:02:05 [notice] 31#31: exit
2023/03/12 12:02:05 [notice] 33#33: gracefully shutting down
2023/03/12 12:02:05 [notice] 33#33: exiting
2023/03/12 12:02:05 [notice] 34#34: gracefully shutting down
2023/03/12 12:02:05 [notice] 33#33: exit
2023/03/12 12:02:05 [notice] 34#34: exiting
2023/03/12 12:02:05 [notice] 34#34: exit
2023/03/12 12:02:05 [notice] 1#1: signal 17 (SIGCHLD) received from 33
2023/03/12 12:02:05 [notice] 1#1: worker process 31 exited with code 0
2023/03/12 12:02:05 [notice] 1#1: worker process 32 exited with code 0
2023/03/12 12:02:05 [notice] 1#1: worker process 30 exited with code 0
2023/03/12 12:02:05 [notice] 1#1: worker process 33 exited with code 0
2023/03/12 12:02:05 [notice] 1#1: worker process 34 exited with code 0
2023/03/12 12:02:05 [notice] 1#1: worker process 35 exited with code 0
2023/03/12 12:02:05 [notice] 1#1: signal 29 (SIGIO) received
2023/03/12 12:02:05 [notice] 1#1: signal 17 (SIGCHLD) received from 31
2023/03/12 12:02:05 [notice] 1#1: signal 17 (SIGCHLD) received from 29
2023/03/12 12:02:05 [notice] 1#1: worker process 28 exited with code 0
2023/03/12 12:02:05 [notice] 1#1: worker process 29 exited with code 0
2023/03/12 12:02:05 [notice] 1#1: exit
2023/03/12 12:02:36 [notice] 1#1: using the "epoll" event method
2023/03/12 12:02:36 [notice] 1#1: nginx/1.23.3
2023/03/12 12:02:36 [notice] 1#1: built by gcc 10.2.1 20210110 (Debian 10.2.1-6) 
2023/03/12 12:02:36 [notice] 1#1: OS: Linux 5.15.0-67-generic
2023/03/12 12:02:36 [notice] 1#1: getrlimit(RLIMIT_NOFILE): 1048576:1048576
2023/03/12 12:02:36 [notice] 1#1: start worker processes
2023/03/12 12:02:36 [notice] 1#1: start worker process 28
2023/03/12 12:02:36 [notice] 1#1: start worker process 29
2023/03/12 12:02:36 [notice] 1#1: start worker process 30
2023/03/12 12:02:36 [notice] 1#1: start worker process 31
2023/03/12 12:02:36 [notice] 1#1: start worker process 32
2023/03/12 12:02:36 [notice] 1#1: start worker process 33
2023/03/12 12:02:36 [notice] 1#1: start worker process 34
2023/03/12 12:02:36 [notice] 1#1: start worker process 35
2023/03/12 12:07:24 [notice] 1#1: signal 3 (SIGQUIT) received, shutting down
2023/03/12 12:07:24 [notice] 29#29: gracefully shutting down
2023/03/12 12:07:24 [notice] 31#31: gracefully shutting down
2023/03/12 12:07:24 [notice] 32#32: gracefully shutting down
2023/03/12 12:07:24 [notice] 33#33: gracefully shutting down
2023/03/12 12:07:24 [notice] 34#34: gracefully shutting down
2023/03/12 12:07:24 [notice] 29#29: exiting
2023/03/12 12:07:24 [notice] 31#31: exiting
2023/03/12 12:07:24 [notice] 32#32: exiting
2023/03/12 12:07:24 [notice] 33#33: exiting
2023/03/12 12:07:24 [notice] 34#34: exiting
2023/03/12 12:07:24 [notice] 34#34: exit
2023/03/12 12:07:24 [notice] 31#31: exit
2023/03/12 12:07:24 [notice] 33#33: exit
2023/03/12 12:07:24 [notice] 32#32: exit
2023/03/12 12:07:24 [notice] 29#29: exit
2023/03/12 12:07:24 [notice] 30#30: gracefully shutting down
2023/03/12 12:07:24 [notice] 30#30: exiting
2023/03/12 12:07:24 [notice] 30#30: exit
2023/03/12 12:07:24 [notice] 28#28: gracefully shutting down
2023/03/12 12:07:24 [notice] 28#28: exiting
2023/03/12 12:07:24 [notice] 28#28: exit
2023/03/12 12:07:24 [notice] 35#35: gracefully shutting down
2023/03/12 12:07:24 [notice] 35#35: exiting
2023/03/12 12:07:24 [notice] 35#35: exit
2023/03/12 12:07:24 [notice] 1#1: signal 17 (SIGCHLD) received from 32
2023/03/12 12:07:24 [notice] 1#1: worker process 32 exited with code 0
2023/03/12 12:07:24 [notice] 1#1: signal 29 (SIGIO) received
2023/03/12 12:07:24 [notice] 1#1: signal 17 (SIGCHLD) received from 29
2023/03/12 12:07:24 [notice] 1#1: worker process 29 exited with code 0
2023/03/12 12:07:24 [notice] 1#1: signal 29 (SIGIO) received
2023/03/12 12:07:24 [notice] 1#1: signal 17 (SIGCHLD) received from 28
2023/03/12 12:07:24 [notice] 1#1: worker process 28 exited with code 0
2023/03/12 12:07:24 [notice] 1#1: signal 29 (SIGIO) received
2023/03/12 12:07:24 [notice] 1#1: signal 17 (SIGCHLD) received from 35
2023/03/12 12:07:24 [notice] 1#1: worker process 35 exited with code 0
2023/03/12 12:07:24 [notice] 1#1: signal 29 (SIGIO) received
2023/03/12 12:07:24 [notice] 1#1: signal 17 (SIGCHLD) received from 34
2023/03/12 12:07:24 [notice] 1#1: worker process 34 exited with code 0
2023/03/12 12:07:24 [notice] 1#1: worker process 33 exited with code 0
2023/03/12 12:07:24 [notice] 1#1: signal 29 (SIGIO) received
2023/03/12 12:07:24 [notice] 1#1: signal 17 (SIGCHLD) received from 33
2023/03/12 12:07:24 [notice] 1#1: signal 17 (SIGCHLD) received from 30
2023/03/12 12:07:24 [notice] 1#1: worker process 30 exited with code 0
2023/03/12 12:07:24 [notice] 1#1: signal 29 (SIGIO) received
2023/03/12 12:07:24 [notice] 1#1: signal 17 (SIGCHLD) received from 31
2023/03/12 12:07:24 [notice] 1#1: worker process 31 exited with code 0
2023/03/12 12:07:24 [notice] 1#1: exit
2023/03/12 12:07:30 [notice] 1#1: using the "epoll" event method
2023/03/12 12:07:30 [notice] 1#1: nginx/1.23.3
2023/03/12 12:07:30 [notice] 1#1: built by gcc 10.2.1 20210110 (Debian 10.2.1-6) 
2023/03/12 12:07:30 [notice] 1#1: OS: Linux 5.15.0-67-generic
2023/03/12 12:07:30 [notice] 1#1: getrlimit(RLIMIT_NOFILE): 1048576:1048576
2023/03/12 12:07:30 [notice] 1#1: start worker processes
2023/03/12 12:07:30 [notice] 1#1: start worker process 28
2023/03/12 12:07:30 [notice] 1#1: start worker process 29
2023/03/12 12:07:30 [notice] 1#1: start worker process 30
2023/03/12 12:07:30 [notice] 1#1: start worker process 31
2023/03/12 12:07:30 [notice] 1#1: start worker process 32
2023/03/12 12:07:30 [notice] 1#1: start worker process 33
2023/03/12 12:07:30 [notice] 1#1: start worker process 34
2023/03/12 12:07:30 [notice] 1#1: start worker process 35
2023/03/12 12:07:41 [error] 33#33: *4 FastCGI sent in stderr: "PHP message: Xdebug: [Step Debug] Could not connect to debugging client. Tried: 172.17.0.1:9000 (through xdebug.client_host/xdebug.client_port).PHP message: Xdebug: [Step Debug] Could not connect to debugging client. Tried: 172.17.0.1:9000 (through xdebug.client_host/xdebug.client_port)" while reading response header from upstream, client: 172.23.0.1, server: laravel-onboarding.dev, request: "GET / HTTP/1.1", upstream: "fastcgi://172.23.0.5:9000", host: "127.0.0.1:444"
2023/03/12 12:09:16 [error] 31#31: *9 FastCGI sent in stderr: "PHP message: Xdebug: [Step Debug] Could not connect to debugging client. Tried: 172.17.0.1:9000 (through xdebug.client_host/xdebug.client_port)" while reading response header from upstream, client: 172.23.0.1, server: laravel-onboarding.dev, request: "GET / HTTP/1.1", upstream: "fastcgi://172.23.0.5:9000", host: "127.0.0.1:444"
2023/03/12 12:15:55 [notice] 1#1: signal 3 (SIGQUIT) received, shutting down
2023/03/12 12:15:55 [notice] 28#28: gracefully shutting down
2023/03/12 12:15:55 [notice] 29#29: gracefully shutting down
2023/03/12 12:15:55 [notice] 31#31: gracefully shutting down
2023/03/12 12:15:55 [notice] 28#28: exiting
2023/03/12 12:15:55 [notice] 29#29: exiting
2023/03/12 12:15:55 [notice] 30#30: gracefully shutting down
2023/03/12 12:15:55 [notice] 31#31: exiting
2023/03/12 12:15:55 [notice] 30#30: exiting
2023/03/12 12:15:55 [notice] 29#29: exit
2023/03/12 12:15:55 [notice] 28#28: exit
2023/03/12 12:15:55 [notice] 31#31: exit
2023/03/12 12:15:55 [notice] 30#30: exit
2023/03/12 12:15:55 [notice] 33#33: gracefully shutting down
2023/03/12 12:15:55 [notice] 33#33: exiting
2023/03/12 12:15:55 [notice] 33#33: exit
2023/03/12 12:15:55 [notice] 35#35: gracefully shutting down
2023/03/12 12:15:55 [notice] 35#35: exiting
2023/03/12 12:15:55 [notice] 32#32: gracefully shutting down
2023/03/12 12:15:55 [notice] 32#32: exiting
2023/03/12 12:15:55 [notice] 35#35: exit
2023/03/12 12:15:55 [notice] 32#32: exit
2023/03/12 12:15:55 [notice] 34#34: gracefully shutting down
2023/03/12 12:15:55 [notice] 34#34: exiting
2023/03/12 12:15:55 [notice] 34#34: exit
2023/03/12 12:15:55 [notice] 1#1: signal 17 (SIGCHLD) received from 29
2023/03/12 12:15:55 [notice] 1#1: worker process 29 exited with code 0
2023/03/12 12:15:55 [notice] 1#1: signal 29 (SIGIO) received
2023/03/12 12:15:55 [notice] 1#1: signal 17 (SIGCHLD) received from 33
2023/03/12 12:15:55 [notice] 1#1: worker process 33 exited with code 0
2023/03/12 12:15:55 [notice] 1#1: signal 29 (SIGIO) received
2023/03/12 12:15:55 [notice] 1#1: signal 17 (SIGCHLD) received from 32
2023/03/12 12:15:55 [notice] 1#1: worker process 32 exited with code 0
2023/03/12 12:15:55 [notice] 1#1: worker process 30 exited with code 0
2023/03/12 12:15:55 [notice] 1#1: signal 29 (SIGIO) received
2023/03/12 12:15:55 [notice] 1#1: signal 17 (SIGCHLD) received from 30
2023/03/12 12:15:55 [notice] 1#1: signal 17 (SIGCHLD) received from 34
2023/03/12 12:15:55 [notice] 1#1: worker process 34 exited with code 0
2023/03/12 12:15:55 [notice] 1#1: signal 29 (SIGIO) received
2023/03/12 12:15:55 [notice] 1#1: signal 17 (SIGCHLD) received from 35
2023/03/12 12:15:55 [notice] 1#1: worker process 35 exited with code 0
2023/03/12 12:15:55 [notice] 1#1: signal 29 (SIGIO) received
2023/03/12 12:15:55 [notice] 1#1: signal 17 (SIGCHLD) received from 28
2023/03/12 12:15:55 [notice] 1#1: worker process 28 exited with code 0
2023/03/12 12:15:55 [notice] 1#1: signal 29 (SIGIO) received
2023/03/12 12:15:55 [notice] 1#1: signal 17 (SIGCHLD) received from 31
2023/03/12 12:15:55 [notice] 1#1: worker process 31 exited with code 0
2023/03/12 12:15:55 [notice] 1#1: exit
2023/03/12 12:16:02 [notice] 1#1: using the "epoll" event method
2023/03/12 12:16:02 [notice] 1#1: nginx/1.23.3
2023/03/12 12:16:02 [notice] 1#1: built by gcc 10.2.1 20210110 (Debian 10.2.1-6) 
2023/03/12 12:16:02 [notice] 1#1: OS: Linux 5.15.0-67-generic
2023/03/12 12:16:02 [notice] 1#1: getrlimit(RLIMIT_NOFILE): 1048576:1048576
2023/03/12 12:16:02 [notice] 1#1: start worker processes
2023/03/12 12:16:02 [notice] 1#1: start worker process 29
2023/03/12 12:16:02 [notice] 1#1: start worker process 30
2023/03/12 12:16:02 [notice] 1#1: start worker process 31
2023/03/12 12:16:02 [notice] 1#1: start worker process 32
2023/03/12 12:16:02 [notice] 1#1: start worker process 33
2023/03/12 12:16:02 [notice] 1#1: start worker process 34
2023/03/12 12:16:02 [notice] 1#1: start worker process 35
2023/03/12 12:16:02 [notice] 1#1: start worker process 36
2023/03/12 12:16:15 [notice] 1#1: signal 3 (SIGQUIT) received, shutting down
2023/03/12 12:16:15 [notice] 29#29: gracefully shutting down
2023/03/12 12:16:15 [notice] 30#30: gracefully shutting down
2023/03/12 12:16:15 [notice] 29#29: exiting
2023/03/12 12:16:15 [notice] 32#32: gracefully shutting down
2023/03/12 12:16:15 [notice] 33#33: gracefully shutting down
2023/03/12 12:16:15 [notice] 35#35: gracefully shutting down
2023/03/12 12:16:15 [notice] 36#36: gracefully shutting down
2023/03/12 12:16:15 [notice] 30#30: exiting
2023/03/12 12:16:15 [notice] 32#32: exiting
2023/03/12 12:16:15 [notice] 33#33: exiting
2023/03/12 12:16:15 [notice] 35#35: exiting
2023/03/12 12:16:15 [notice] 36#36: exiting
2023/03/12 12:16:15 [notice] 29#29: exit
2023/03/12 12:16:15 [notice] 31#31: gracefully shutting down
2023/03/12 12:16:15 [notice] 31#31: exiting
2023/03/12 12:16:15 [notice] 32#32: exit
2023/03/12 12:16:15 [notice] 35#35: exit
2023/03/12 12:16:15 [notice] 30#30: exit
2023/03/12 12:16:15 [notice] 36#36: exit
2023/03/12 12:16:15 [notice] 33#33: exit
2023/03/12 12:16:15 [notice] 31#31: exit
2023/03/12 12:16:15 [notice] 34#34: gracefully shutting down
2023/03/12 12:16:15 [notice] 34#34: exiting
2023/03/12 12:16:15 [notice] 34#34: exit
2023/03/12 12:16:15 [notice] 1#1: signal 17 (SIGCHLD) received from 30
2023/03/12 12:16:15 [notice] 1#1: worker process 30 exited with code 0
2023/03/12 12:16:15 [notice] 1#1: worker process 31 exited with code 0
2023/03/12 12:16:15 [notice] 1#1: worker process 35 exited with code 0
2023/03/12 12:16:15 [notice] 1#1: signal 29 (SIGIO) received
2023/03/12 12:16:15 [notice] 1#1: signal 17 (SIGCHLD) received from 35
2023/03/12 12:16:15 [notice] 1#1: signal 17 (SIGCHLD) received from 34
2023/03/12 12:16:15 [notice] 1#1: worker process 34 exited with code 0
2023/03/12 12:16:15 [notice] 1#1: signal 29 (SIGIO) received
2023/03/12 12:16:15 [notice] 1#1: signal 17 (SIGCHLD) received from 33
2023/03/12 12:16:15 [notice] 1#1: worker process 33 exited with code 0
2023/03/12 12:16:15 [notice] 1#1: signal 29 (SIGIO) received
2023/03/12 12:16:15 [notice] 1#1: signal 17 (SIGCHLD) received from 32
2023/03/12 12:16:15 [notice] 1#1: worker process 32 exited with code 0
2023/03/12 12:16:15 [notice] 1#1: signal 29 (SIGIO) received
2023/03/12 12:16:15 [notice] 1#1: signal 17 (SIGCHLD) received from 36
2023/03/12 12:16:15 [notice] 1#1: worker process 36 exited with code 0
2023/03/12 12:16:15 [notice] 1#1: signal 29 (SIGIO) received
2023/03/12 12:16:15 [notice] 1#1: signal 17 (SIGCHLD) received from 29
2023/03/12 12:16:15 [notice] 1#1: worker process 29 exited with code 0
2023/03/12 12:16:15 [notice] 1#1: exit
2023/03/12 12:16:33 [notice] 1#1: using the "epoll" event method
2023/03/12 12:16:33 [notice] 1#1: nginx/1.23.3
2023/03/12 12:16:33 [notice] 1#1: built by gcc 10.2.1 20210110 (Debian 10.2.1-6) 
2023/03/12 12:16:33 [notice] 1#1: OS: Linux 5.15.0-67-generic
2023/03/12 12:16:33 [notice] 1#1: getrlimit(RLIMIT_NOFILE): 1048576:1048576
2023/03/12 12:16:33 [notice] 1#1: start worker processes
2023/03/12 12:16:33 [notice] 1#1: start worker process 28
2023/03/12 12:16:33 [notice] 1#1: start worker process 29
2023/03/12 12:16:33 [notice] 1#1: start worker process 30
2023/03/12 12:16:33 [notice] 1#1: start worker process 31
2023/03/12 12:16:33 [notice] 1#1: start worker process 32
2023/03/12 12:16:33 [notice] 1#1: start worker process 33
2023/03/12 12:16:33 [notice] 1#1: start worker process 34
2023/03/12 12:16:33 [notice] 1#1: start worker process 35
2023/03/12 12:19:28 [notice] 1#1: signal 3 (SIGQUIT) received, shutting down
2023/03/12 12:19:28 [notice] 29#29: gracefully shutting down
2023/03/12 12:19:28 [notice] 29#29: exiting
2023/03/12 12:19:28 [notice] 28#28: gracefully shutting down
2023/03/12 12:19:28 [notice] 28#28: exiting
2023/03/12 12:19:28 [notice] 29#29: exit
2023/03/12 12:19:28 [notice] 28#28: exit
2023/03/12 12:19:28 [notice] 32#32: gracefully shutting down
2023/03/12 12:19:28 [notice] 30#30: gracefully shutting down
2023/03/12 12:19:28 [notice] 32#32: exiting
2023/03/12 12:19:28 [notice] 30#30: exiting
2023/03/12 12:19:28 [notice] 30#30: exit
2023/03/12 12:19:28 [notice] 32#32: exit
2023/03/12 12:19:28 [notice] 35#35: gracefully shutting down
2023/03/12 12:19:28 [notice] 35#35: exiting
2023/03/12 12:19:28 [notice] 33#33: gracefully shutting down
2023/03/12 12:19:28 [notice] 33#33: exiting
2023/03/12 12:19:28 [notice] 35#35: exit
2023/03/12 12:19:28 [notice] 33#33: exit
2023/03/12 12:19:28 [notice] 31#31: gracefully shutting down
2023/03/12 12:19:28 [notice] 31#31: exiting
2023/03/12 12:19:28 [notice] 34#34: gracefully shutting down
2023/03/12 12:19:28 [notice] 34#34: exiting
2023/03/12 12:19:28 [notice] 31#31: exit
2023/03/12 12:19:28 [notice] 34#34: exit
2023/03/12 12:19:28 [notice] 1#1: signal 17 (SIGCHLD) received from 32
2023/03/12 12:19:28 [notice] 1#1: worker process 31 exited with code 0
2023/03/12 12:19:28 [notice] 1#1: worker process 32 exited with code 0
2023/03/12 12:19:28 [notice] 1#1: worker process 33 exited with code 0
2023/03/12 12:19:28 [notice] 1#1: worker process 35 exited with code 0
2023/03/12 12:19:28 [notice] 1#1: signal 29 (SIGIO) received
2023/03/12 12:19:28 [notice] 1#1: signal 17 (SIGCHLD) received from 33
2023/03/12 12:19:28 [notice] 1#1: signal 17 (SIGCHLD) received from 34
2023/03/12 12:19:28 [notice] 1#1: worker process 34 exited with code 0
2023/03/12 12:19:28 [notice] 1#1: signal 29 (SIGIO) received
2023/03/12 12:19:28 [notice] 1#1: signal 17 (SIGCHLD) received from 28
2023/03/12 12:19:28 [notice] 1#1: worker process 28 exited with code 0
2023/03/12 12:19:28 [notice] 1#1: signal 29 (SIGIO) received
2023/03/12 12:19:28 [notice] 1#1: signal 17 (SIGCHLD) received from 29
2023/03/12 12:19:28 [notice] 1#1: worker process 29 exited with code 0
2023/03/12 12:19:28 [notice] 1#1: worker process 30 exited with code 0
2023/03/12 12:19:28 [notice] 1#1: exit
2023/03/12 12:19:35 [notice] 1#1: using the "epoll" event method
2023/03/12 12:19:35 [notice] 1#1: nginx/1.23.3
2023/03/12 12:19:35 [notice] 1#1: built by gcc 10.2.1 20210110 (Debian 10.2.1-6) 
2023/03/12 12:19:35 [notice] 1#1: OS: Linux 5.15.0-67-generic
2023/03/12 12:19:35 [notice] 1#1: getrlimit(RLIMIT_NOFILE): 1048576:1048576
2023/03/12 12:19:35 [notice] 1#1: start worker processes
2023/03/12 12:19:35 [notice] 1#1: start worker process 29
2023/03/12 12:19:35 [notice] 1#1: start worker process 30
2023/03/12 12:19:35 [notice] 1#1: start worker process 31
2023/03/12 12:19:35 [notice] 1#1: start worker process 32
2023/03/12 12:19:35 [notice] 1#1: start worker process 33
2023/03/12 12:19:35 [notice] 1#1: start worker process 34
2023/03/12 12:19:35 [notice] 1#1: start worker process 35
2023/03/12 12:19:35 [notice] 1#1: start worker process 36
2023/03/12 12:19:38 [notice] 1#1: signal 3 (SIGQUIT) received, shutting down
2023/03/12 12:19:38 [notice] 29#29: gracefully shutting down
2023/03/12 12:19:38 [notice] 30#30: gracefully shutting down
2023/03/12 12:19:38 [notice] 31#31: gracefully shutting down
2023/03/12 12:19:38 [notice] 36#36: gracefully shutting down
2023/03/12 12:19:38 [notice] 34#34: gracefully shutting down
2023/03/12 12:19:38 [notice] 29#29: exiting
2023/03/12 12:19:38 [notice] 30#30: exiting
2023/03/12 12:19:38 [notice] 31#31: exiting
2023/03/12 12:19:38 [notice] 36#36: exiting
2023/03/12 12:19:38 [notice] 34#34: exiting
2023/03/12 12:19:38 [notice] 33#33: gracefully shutting down
2023/03/12 12:19:38 [notice] 33#33: exiting
2023/03/12 12:19:38 [notice] 29#29: exit
2023/03/12 12:19:38 [notice] 36#36: exit
2023/03/12 12:19:38 [notice] 31#31: exit
2023/03/12 12:19:38 [notice] 30#30: exit
2023/03/12 12:19:38 [notice] 34#34: exit
2023/03/12 12:19:38 [notice] 33#33: exit
2023/03/12 12:19:38 [notice] 32#32: gracefully shutting down
2023/03/12 12:19:38 [notice] 32#32: exiting
2023/03/12 12:19:38 [notice] 32#32: exit
2023/03/12 12:19:38 [notice] 35#35: gracefully shutting down
2023/03/12 12:19:38 [notice] 35#35: exiting
2023/03/12 12:19:38 [notice] 35#35: exit
2023/03/12 12:19:38 [notice] 1#1: signal 17 (SIGCHLD) received from 33
2023/03/12 12:19:38 [notice] 1#1: worker process 33 exited with code 0
2023/03/12 12:19:38 [notice] 1#1: signal 29 (SIGIO) received
2023/03/12 12:19:38 [notice] 1#1: signal 17 (SIGCHLD) received from 34
2023/03/12 12:19:38 [notice] 1#1: worker process 29 exited with code 0
2023/03/12 12:19:38 [notice] 1#1: worker process 30 exited with code 0
2023/03/12 12:19:38 [notice] 1#1: worker process 32 exited with code 0
2023/03/12 12:19:38 [notice] 1#1: worker process 34 exited with code 0
2023/03/12 12:19:38 [notice] 1#1: worker process 31 exited with code 0
2023/03/12 12:19:38 [notice] 1#1: signal 29 (SIGIO) received
2023/03/12 12:19:38 [notice] 1#1: signal 17 (SIGCHLD) received from 32
2023/03/12 12:19:38 [notice] 1#1: signal 17 (SIGCHLD) received from 36
2023/03/12 12:19:38 [notice] 1#1: worker process 36 exited with code 0
2023/03/12 12:19:38 [notice] 1#1: signal 29 (SIGIO) received
2023/03/12 12:19:38 [notice] 1#1: signal 17 (SIGCHLD) received from 35
2023/03/12 12:19:38 [notice] 1#1: worker process 35 exited with code 0
2023/03/12 12:19:38 [notice] 1#1: exit
2023/03/12 12:19:52 [notice] 1#1: using the "epoll" event method
2023/03/12 12:19:52 [notice] 1#1: nginx/1.23.3
2023/03/12 12:19:52 [notice] 1#1: built by gcc 10.2.1 20210110 (Debian 10.2.1-6) 
2023/03/12 12:19:52 [notice] 1#1: OS: Linux 5.15.0-67-generic
2023/03/12 12:19:52 [notice] 1#1: getrlimit(RLIMIT_NOFILE): 1048576:1048576
2023/03/12 12:19:52 [notice] 1#1: start worker processes
2023/03/12 12:19:52 [notice] 1#1: start worker process 29
2023/03/12 12:19:52 [notice] 1#1: start worker process 30
2023/03/12 12:19:52 [notice] 1#1: start worker process 31
2023/03/12 12:19:52 [notice] 1#1: start worker process 32
2023/03/12 12:19:52 [notice] 1#1: start worker process 33
2023/03/12 12:19:52 [notice] 1#1: start worker process 34
2023/03/12 12:19:52 [notice] 1#1: start worker process 35
2023/03/12 12:19:52 [notice] 1#1: start worker process 36
2023/03/12 12:39:26 [notice] 1#1: signal 3 (SIGQUIT) received, shutting down
2023/03/12 12:39:26 [notice] 29#29: gracefully shutting down
2023/03/12 12:39:26 [notice] 29#29: exiting
2023/03/12 12:39:26 [notice] 29#29: exit
2023/03/12 12:39:26 [notice] 36#36: gracefully shutting down
2023/03/12 12:39:26 [notice] 36#36: exiting
2023/03/12 12:39:26 [notice] 36#36: exit
2023/03/12 12:39:26 [notice] 30#30: gracefully shutting down
2023/03/12 12:39:26 [notice] 30#30: exiting
2023/03/12 12:39:26 [notice] 30#30: exit
2023/03/12 12:39:26 [notice] 31#31: gracefully shutting down
2023/03/12 12:39:26 [notice] 31#31: exiting
2023/03/12 12:39:26 [notice] 31#31: exit
2023/03/12 12:39:26 [notice] 32#32: gracefully shutting down
2023/03/12 12:39:26 [notice] 32#32: exiting
2023/03/12 12:39:26 [notice] 32#32: exit
2023/03/12 12:39:26 [notice] 33#33: gracefully shutting down
2023/03/12 12:39:26 [notice] 33#33: exiting
2023/03/12 12:39:26 [notice] 33#33: exit
2023/03/12 12:39:26 [notice] 34#34: gracefully shutting down
2023/03/12 12:39:26 [notice] 34#34: exiting
2023/03/12 12:39:26 [notice] 34#34: exit
2023/03/12 12:39:26 [notice] 35#35: gracefully shutting down
2023/03/12 12:39:26 [notice] 35#35: exiting
2023/03/12 12:39:26 [notice] 35#35: exit
2023/03/12 12:39:26 [notice] 1#1: signal 17 (SIGCHLD) received from 29
2023/03/12 12:39:26 [notice] 1#1: worker process 29 exited with code 0
2023/03/12 12:39:26 [notice] 1#1: worker process 32 exited with code 0
2023/03/12 12:39:26 [notice] 1#1: worker process 36 exited with code 0
2023/03/12 12:39:26 [notice] 1#1: signal 29 (SIGIO) received
2023/03/12 12:39:26 [notice] 1#1: signal 17 (SIGCHLD) received from 36
2023/03/12 12:39:26 [notice] 1#1: signal 17 (SIGCHLD) received from 30
2023/03/12 12:39:26 [notice] 1#1: worker process 30 exited with code 0
2023/03/12 12:39:26 [notice] 1#1: signal 29 (SIGIO) received
2023/03/12 12:39:26 [notice] 1#1: signal 17 (SIGCHLD) received from 33
2023/03/12 12:39:26 [notice] 1#1: worker process 31 exited with code 0
2023/03/12 12:39:26 [notice] 1#1: worker process 33 exited with code 0
2023/03/12 12:39:26 [notice] 1#1: signal 29 (SIGIO) received
2023/03/12 12:39:26 [notice] 1#1: signal 17 (SIGCHLD) received from 31
2023/03/12 12:39:26 [notice] 1#1: signal 17 (SIGCHLD) received from 35
2023/03/12 12:39:26 [notice] 1#1: worker process 35 exited with code 0
2023/03/12 12:39:26 [notice] 1#1: signal 29 (SIGIO) received
2023/03/12 12:39:26 [notice] 1#1: signal 17 (SIGCHLD) received from 34
2023/03/12 12:39:26 [notice] 1#1: worker process 34 exited with code 0
2023/03/12 12:39:26 [notice] 1#1: exit
2023/03/12 12:45:53 [notice] 1#1: using the "epoll" event method
2023/03/12 12:45:53 [notice] 1#1: nginx/1.23.3
2023/03/12 12:45:53 [notice] 1#1: built by gcc 10.2.1 20210110 (Debian 10.2.1-6) 
2023/03/12 12:45:53 [notice] 1#1: OS: Linux 5.15.0-67-generic
2023/03/12 12:45:53 [notice] 1#1: getrlimit(RLIMIT_NOFILE): 1048576:1048576
2023/03/12 12:45:53 [notice] 1#1: start worker processes
2023/03/12 12:45:53 [notice] 1#1: start worker process 28
2023/03/12 12:45:53 [notice] 1#1: start worker process 29
2023/03/12 12:45:53 [notice] 1#1: start worker process 30
2023/03/12 12:45:53 [notice] 1#1: start worker process 31
2023/03/12 12:45:53 [notice] 1#1: start worker process 32
2023/03/12 12:45:53 [notice] 1#1: start worker process 33
2023/03/12 12:45:53 [notice] 1#1: start worker process 34
2023/03/12 12:45:53 [notice] 1#1: start worker process 35
2023/03/12 12:45:56 [notice] 1#1: signal 3 (SIGQUIT) received, shutting down
2023/03/12 12:45:56 [notice] 32#32: gracefully shutting down
2023/03/12 12:45:56 [notice] 32#32: exiting
2023/03/12 12:45:56 [notice] 34#34: gracefully shutting down
2023/03/12 12:45:56 [notice] 29#29: gracefully shutting down
2023/03/12 12:45:56 [notice] 28#28: gracefully shutting down
2023/03/12 12:45:56 [notice] 31#31: gracefully shutting down
2023/03/12 12:45:56 [notice] 34#34: exiting
2023/03/12 12:45:56 [notice] 29#29: exiting
2023/03/12 12:45:56 [notice] 28#28: exiting
2023/03/12 12:45:56 [notice] 31#31: exiting
2023/03/12 12:45:56 [notice] 32#32: exit
2023/03/12 12:45:56 [notice] 34#34: exit
2023/03/12 12:45:56 [notice] 28#28: exit
2023/03/12 12:45:56 [notice] 31#31: exit
2023/03/12 12:45:56 [notice] 29#29: exit
2023/03/12 12:45:56 [notice] 33#33: gracefully shutting down
2023/03/12 12:45:56 [notice] 33#33: exiting
2023/03/12 12:45:56 [notice] 35#35: gracefully shutting down
2023/03/12 12:45:56 [notice] 35#35: exiting
2023/03/12 12:45:56 [notice] 33#33: exit
2023/03/12 12:45:56 [notice] 35#35: exit
2023/03/12 12:45:56 [notice] 30#30: gracefully shutting down
2023/03/12 12:45:56 [notice] 30#30: exiting
2023/03/12 12:45:56 [notice] 30#30: exit
2023/03/12 12:45:56 [notice] 1#1: signal 17 (SIGCHLD) received from 31
2023/03/12 12:45:56 [notice] 1#1: worker process 31 exited with code 0
2023/03/12 12:45:56 [notice] 1#1: signal 29 (SIGIO) received
2023/03/12 12:45:56 [notice] 1#1: signal 17 (SIGCHLD) received from 28
2023/03/12 12:45:56 [notice] 1#1: worker process 28 exited with code 0
2023/03/12 12:45:56 [notice] 1#1: worker process 34 exited with code 0
2023/03/12 12:45:56 [notice] 1#1: signal 29 (SIGIO) received
2023/03/12 12:45:56 [notice] 1#1: signal 17 (SIGCHLD) received from 35
2023/03/12 12:45:56 [notice] 1#1: worker process 35 exited with code 0
2023/03/12 12:45:56 [notice] 1#1: signal 29 (SIGIO) received
2023/03/12 12:45:56 [notice] 1#1: signal 17 (SIGCHLD) received from 32
2023/03/12 12:45:56 [notice] 1#1: worker process 32 exited with code 0
2023/03/12 12:45:56 [notice] 1#1: signal 29 (SIGIO) received
2023/03/12 12:45:56 [notice] 1#1: signal 17 (SIGCHLD) received from 29
2023/03/12 12:45:56 [notice] 1#1: worker process 29 exited with code 0
2023/03/12 12:45:56 [notice] 1#1: signal 29 (SIGIO) received
2023/03/12 12:45:56 [notice] 1#1: signal 17 (SIGCHLD) received from 30
2023/03/12 12:45:56 [notice] 1#1: worker process 30 exited with code 0
2023/03/12 12:45:56 [notice] 1#1: signal 17 (SIGCHLD) received from 33
2023/03/12 12:45:56 [notice] 1#1: worker process 33 exited with code 0
2023/03/12 12:45:56 [notice] 1#1: exit
2023/03/12 12:46:01 [notice] 1#1: using the "epoll" event method
2023/03/12 12:46:01 [notice] 1#1: nginx/1.23.3
2023/03/12 12:46:01 [notice] 1#1: built by gcc 10.2.1 20210110 (Debian 10.2.1-6) 
2023/03/12 12:46:01 [notice] 1#1: OS: Linux 5.15.0-67-generic
2023/03/12 12:46:01 [notice] 1#1: getrlimit(RLIMIT_NOFILE): 1048576:1048576
2023/03/12 12:46:01 [notice] 1#1: start worker processes
2023/03/12 12:46:01 [notice] 1#1: start worker process 28
2023/03/12 12:46:01 [notice] 1#1: start worker process 29
2023/03/12 12:46:01 [notice] 1#1: start worker process 30
2023/03/12 12:46:01 [notice] 1#1: start worker process 31
2023/03/12 12:46:01 [notice] 1#1: start worker process 32
2023/03/12 12:46:01 [notice] 1#1: start worker process 33
2023/03/12 12:46:01 [notice] 1#1: start worker process 34
2023/03/12 12:46:01 [notice] 1#1: start worker process 35
2023/03/12 12:46:34 [error] 30#30: *3 FastCGI sent in stderr: "PHP message: Xdebug: [Step Debug] Could not connect to debugging client. Tried: 172.17.0.1:9000 (through xdebug.client_host/xdebug.client_port)" while reading response header from upstream, client: 172.29.0.1, server: laravel-onboarding.dev, request: "GET / HTTP/1.1", upstream: "fastcgi://172.29.0.5:9000", host: "127.0.0.1:444"
2023/03/12 12:49:19 [error] 35#35: *8 FastCGI sent in stderr: "PHP message: Xdebug: [Step Debug] Could not connect to debugging client. Tried: 172.17.0.1:9000 (through xdebug.client_host/xdebug.client_port)" while reading response header from upstream, client: 172.29.0.1, server: laravel-onboarding.dev, request: "GET / HTTP/1.1", upstream: "fastcgi://172.29.0.5:9000", host: "127.0.0.1:444"
2023/03/12 12:53:29 [error] 29#29: *13 FastCGI sent in stderr: "PHP message: Xdebug: [Step Debug] Could not connect to debugging client. Tried: 172.17.0.1:9000 (through xdebug.client_host/xdebug.client_port)" while reading response header from upstream, client: 172.29.0.1, server: laravel-onboarding.dev, request: "GET / HTTP/1.1", upstream: "fastcgi://172.29.0.5:9000", host: "127.0.0.1:444"
2023/03/12 19:05:24 [notice] 1#1: signal 3 (SIGQUIT) received, shutting down
2023/03/12 19:05:24 [notice] 28#28: gracefully shutting down
2023/03/12 19:05:24 [notice] 32#32: gracefully shutting down
2023/03/12 19:05:24 [notice] 29#29: gracefully shutting down
2023/03/12 19:05:24 [notice] 28#28: exiting
2023/03/12 19:05:24 [notice] 32#32: exiting
2023/03/12 19:05:24 [notice] 34#34: gracefully shutting down
2023/03/12 19:05:24 [notice] 35#35: gracefully shutting down
2023/03/12 19:05:24 [notice] 29#29: exiting
2023/03/12 19:05:24 [notice] 34#34: exiting
2023/03/12 19:05:24 [notice] 35#35: exiting
2023/03/12 19:05:24 [notice] 32#32: exit
2023/03/12 19:05:24 [notice] 28#28: exit
2023/03/12 19:05:24 [notice] 29#29: exit
2023/03/12 19:05:24 [notice] 34#34: exit
2023/03/12 19:05:24 [notice] 35#35: exit
2023/03/12 19:05:24 [notice] 30#30: gracefully shutting down
2023/03/12 19:05:24 [notice] 30#30: exiting
2023/03/12 19:05:24 [notice] 33#33: gracefully shutting down
2023/03/12 19:05:24 [notice] 33#33: exiting
2023/03/12 19:05:24 [notice] 30#30: exit
2023/03/12 19:05:24 [notice] 33#33: exit
2023/03/12 19:05:24 [notice] 31#31: gracefully shutting down
2023/03/12 19:05:24 [notice] 31#31: exiting
2023/03/12 19:05:24 [notice] 31#31: exit
2023/03/12 19:05:24 [notice] 1#1: signal 17 (SIGCHLD) received from 29
2023/03/12 19:05:24 [notice] 1#1: worker process 29 exited with code 0
2023/03/12 19:05:24 [notice] 1#1: worker process 33 exited with code 0
2023/03/12 19:05:24 [notice] 1#1: signal 29 (SIGIO) received
2023/03/12 19:05:24 [notice] 1#1: signal 17 (SIGCHLD) received from 32
2023/03/12 19:05:24 [notice] 1#1: worker process 32 exited with code 0
2023/03/12 19:05:24 [notice] 1#1: signal 29 (SIGIO) received
2023/03/12 19:05:24 [notice] 1#1: signal 17 (SIGCHLD) received from 35
2023/03/12 19:05:24 [notice] 1#1: worker process 35 exited with code 0
2023/03/12 19:05:24 [notice] 1#1: signal 29 (SIGIO) received
2023/03/12 19:05:24 [notice] 1#1: signal 17 (SIGCHLD) received from 34
2023/03/12 19:05:24 [notice] 1#1: worker process 34 exited with code 0
2023/03/12 19:05:24 [notice] 1#1: signal 29 (SIGIO) received
2023/03/12 19:05:24 [notice] 1#1: signal 17 (SIGCHLD) received from 28
2023/03/12 19:05:24 [notice] 1#1: worker process 28 exited with code 0
2023/03/12 19:05:24 [notice] 1#1: worker process 30 exited with code 0
2023/03/12 19:05:24 [notice] 1#1: signal 29 (SIGIO) received
2023/03/12 19:05:24 [notice] 1#1: signal 17 (SIGCHLD) received from 30
2023/03/12 19:05:24 [notice] 1#1: signal 17 (SIGCHLD) received from 31
2023/03/12 19:05:24 [notice] 1#1: worker process 31 exited with code 0
2023/03/12 19:05:24 [notice] 1#1: exit
2023/03/12 19:06:26 [notice] 1#1: using the "epoll" event method
2023/03/12 19:06:26 [notice] 1#1: nginx/1.23.3
2023/03/12 19:06:26 [notice] 1#1: built by gcc 10.2.1 20210110 (Debian 10.2.1-6) 
2023/03/12 19:06:26 [notice] 1#1: OS: Linux 5.15.0-67-generic
2023/03/12 19:06:26 [notice] 1#1: getrlimit(RLIMIT_NOFILE): 1048576:1048576
2023/03/12 19:06:26 [notice] 1#1: start worker processes
2023/03/12 19:06:26 [notice] 1#1: start worker process 29
2023/03/12 19:06:26 [notice] 1#1: start worker process 30
2023/03/12 19:06:26 [notice] 1#1: start worker process 31
2023/03/12 19:06:26 [notice] 1#1: start worker process 32
2023/03/12 19:06:26 [notice] 1#1: start worker process 33
2023/03/12 19:06:26 [notice] 1#1: start worker process 34
2023/03/12 19:06:26 [notice] 1#1: start worker process 35
2023/03/12 19:06:26 [notice] 1#1: start worker process 36
2023/03/12 19:19:41 [notice] 1#1: signal 3 (SIGQUIT) received, shutting down
2023/03/12 19:19:41 [notice] 29#29: gracefully shutting down
2023/03/12 19:19:41 [notice] 29#29: exiting
2023/03/12 19:19:41 [notice] 29#29: exit
2023/03/12 19:19:41 [notice] 31#31: gracefully shutting down
2023/03/12 19:19:41 [notice] 30#30: gracefully shutting down
2023/03/12 19:19:41 [notice] 31#31: exiting
2023/03/12 19:19:41 [notice] 34#34: gracefully shutting down
2023/03/12 19:19:41 [notice] 33#33: gracefully shutting down
2023/03/12 19:19:41 [notice] 35#35: gracefully shutting down
2023/03/12 19:19:41 [notice] 32#32: gracefully shutting down
2023/03/12 19:19:41 [notice] 30#30: exiting
2023/03/12 19:19:41 [notice] 36#36: gracefully shutting down
2023/03/12 19:19:41 [notice] 34#34: exiting
2023/03/12 19:19:41 [notice] 33#33: exiting
2023/03/12 19:19:41 [notice] 35#35: exiting
2023/03/12 19:19:41 [notice] 32#32: exiting
2023/03/12 19:19:41 [notice] 31#31: exit
2023/03/12 19:19:41 [notice] 36#36: exiting
2023/03/12 19:19:41 [notice] 30#30: exit
2023/03/12 19:19:41 [notice] 34#34: exit
2023/03/12 19:19:41 [notice] 32#32: exit
2023/03/12 19:19:41 [notice] 33#33: exit
2023/03/12 19:19:41 [notice] 35#35: exit
2023/03/12 19:19:41 [notice] 36#36: exit
2023/03/12 19:19:41 [notice] 1#1: signal 17 (SIGCHLD) received from 31
2023/03/12 19:19:41 [notice] 1#1: worker process 31 exited with code 0
2023/03/12 19:19:41 [notice] 1#1: worker process 33 exited with code 0
2023/03/12 19:19:41 [notice] 1#1: signal 29 (SIGIO) received
2023/03/12 19:19:41 [notice] 1#1: signal 17 (SIGCHLD) received from 29
2023/03/12 19:19:41 [notice] 1#1: worker process 29 exited with code 0
2023/03/12 19:19:41 [notice] 1#1: worker process 35 exited with code 0
2023/03/12 19:19:41 [notice] 1#1: signal 29 (SIGIO) received
2023/03/12 19:19:41 [notice] 1#1: signal 17 (SIGCHLD) received from 30
2023/03/12 19:19:41 [notice] 1#1: worker process 30 exited with code 0
2023/03/12 19:19:41 [notice] 1#1: worker process 34 exited with code 0
2023/03/12 19:19:41 [notice] 1#1: signal 29 (SIGIO) received
2023/03/12 19:19:41 [notice] 1#1: signal 17 (SIGCHLD) received from 32
2023/03/12 19:19:41 [notice] 1#1: worker process 32 exited with code 0
2023/03/12 19:19:41 [notice] 1#1: signal 17 (SIGCHLD) received from 36
2023/03/12 19:19:41 [notice] 1#1: worker process 36 exited with code 0
2023/03/12 19:19:41 [notice] 1#1: exit
2023/03/12 19:20:35 [notice] 1#1: using the "epoll" event method
2023/03/12 19:20:35 [notice] 1#1: nginx/1.23.3
2023/03/12 19:20:35 [notice] 1#1: built by gcc 10.2.1 20210110 (Debian 10.2.1-6) 
2023/03/12 19:20:35 [notice] 1#1: OS: Linux 5.15.0-67-generic
2023/03/12 19:20:35 [notice] 1#1: getrlimit(RLIMIT_NOFILE): 1048576:1048576
2023/03/12 19:20:35 [notice] 1#1: start worker processes
2023/03/12 19:20:35 [notice] 1#1: start worker process 28
2023/03/12 19:20:35 [notice] 1#1: start worker process 29
2023/03/12 19:20:35 [notice] 1#1: start worker process 30
2023/03/12 19:20:35 [notice] 1#1: start worker process 31
2023/03/12 19:20:35 [notice] 1#1: start worker process 32
2023/03/12 19:20:35 [notice] 1#1: start worker process 33
2023/03/12 19:20:35 [notice] 1#1: start worker process 34
2023/03/12 19:20:35 [notice] 1#1: start worker process 35
2023/03/12 19:30:02 [notice] 1#1: signal 3 (SIGQUIT) received, shutting down
2023/03/12 19:30:02 [notice] 28#28: gracefully shutting down
2023/03/12 19:30:02 [notice] 28#28: exiting
2023/03/12 19:30:02 [notice] 28#28: exit
2023/03/12 19:30:02 [notice] 29#29: gracefully shutting down
2023/03/12 19:30:02 [notice] 30#30: gracefully shutting down
2023/03/12 19:30:02 [notice] 31#31: gracefully shutting down
2023/03/12 19:30:02 [notice] 32#32: gracefully shutting down
2023/03/12 19:30:02 [notice] 34#34: gracefully shutting down
2023/03/12 19:30:02 [notice] 32#32: exiting
2023/03/12 19:30:02 [notice] 29#29: exiting
2023/03/12 19:30:02 [notice] 30#30: exiting
2023/03/12 19:30:02 [notice] 31#31: exiting
2023/03/12 19:30:02 [notice] 34#34: exiting
2023/03/12 19:30:02 [notice] 29#29: exit
2023/03/12 19:30:02 [notice] 30#30: exit
2023/03/12 19:30:02 [notice] 32#32: exit
2023/03/12 19:30:02 [notice] 31#31: exit
2023/03/12 19:30:02 [notice] 34#34: exit
2023/03/12 19:30:02 [notice] 33#33: gracefully shutting down
2023/03/12 19:30:02 [notice] 33#33: exiting
2023/03/12 19:30:02 [notice] 33#33: exit
2023/03/12 19:30:02 [notice] 35#35: gracefully shutting down
2023/03/12 19:30:02 [notice] 35#35: exiting
2023/03/12 19:30:02 [notice] 35#35: exit
2023/03/12 19:30:02 [notice] 1#1: signal 17 (SIGCHLD) received from 34
2023/03/12 19:30:02 [notice] 1#1: worker process 34 exited with code 0
2023/03/12 19:30:02 [notice] 1#1: signal 29 (SIGIO) received
2023/03/12 19:30:02 [notice] 1#1: signal 17 (SIGCHLD) received from 31
2023/03/12 19:30:02 [notice] 1#1: worker process 31 exited with code 0
2023/03/12 19:30:02 [notice] 1#1: signal 29 (SIGIO) received
2023/03/12 19:30:02 [notice] 1#1: signal 17 (SIGCHLD) received from 30
2023/03/12 19:30:02 [notice] 1#1: worker process 30 exited with code 0
2023/03/12 19:30:02 [notice] 1#1: worker process 32 exited with code 0
2023/03/12 19:30:02 [notice] 1#1: worker process 35 exited with code 0
2023/03/12 19:30:02 [notice] 1#1: signal 29 (SIGIO) received
2023/03/12 19:30:02 [notice] 1#1: signal 17 (SIGCHLD) received from 32
2023/03/12 19:30:02 [notice] 1#1: worker process 28 exited with code 0
2023/03/12 19:30:02 [notice] 1#1: worker process 29 exited with code 0
2023/03/12 19:30:02 [notice] 1#1: signal 29 (SIGIO) received
2023/03/12 19:30:02 [notice] 1#1: signal 17 (SIGCHLD) received from 33
2023/03/12 19:30:02 [notice] 1#1: worker process 33 exited with code 0
2023/03/12 19:30:02 [notice] 1#1: exit
2023/03/12 19:30:17 [notice] 1#1: using the "epoll" event method
2023/03/12 19:30:17 [notice] 1#1: nginx/1.23.3
2023/03/12 19:30:17 [notice] 1#1: built by gcc 10.2.1 20210110 (Debian 10.2.1-6) 
2023/03/12 19:30:17 [notice] 1#1: OS: Linux 5.15.0-67-generic
2023/03/12 19:30:17 [notice] 1#1: getrlimit(RLIMIT_NOFILE): 1048576:1048576
2023/03/12 19:30:17 [notice] 1#1: start worker processes
2023/03/12 19:30:17 [notice] 1#1: start worker process 29
2023/03/12 19:30:17 [notice] 1#1: start worker process 30
2023/03/12 19:30:17 [notice] 1#1: start worker process 31
2023/03/12 19:30:17 [notice] 1#1: start worker process 32
2023/03/12 19:30:17 [notice] 1#1: start worker process 33
2023/03/12 19:30:17 [notice] 1#1: start worker process 34
2023/03/12 19:30:17 [notice] 1#1: start worker process 35
2023/03/12 19:30:17 [notice] 1#1: start worker process 36
2023/03/12 19:30:28 [error] 34#34: *6 FastCGI sent in stderr: "PHP message: Xdebug: [Step Debug] Could not connect to debugging client. Tried: 172.17.0.1:9000 (through xdebug.client_host/xdebug.client_port)" while reading response header from upstream, client: 192.168.0.1, server: laravel-onboarding.dev, request: "GET / HTTP/1.1", upstream: "fastcgi://192.168.0.4:9000", host: "127.0.0.1:444"
2023/03/12 19:42:20 [notice] 1#1: signal 3 (SIGQUIT) received, shutting down
2023/03/12 19:42:20 [notice] 30#30: gracefully shutting down
2023/03/12 19:42:20 [notice] 31#31: gracefully shutting down
2023/03/12 19:42:20 [notice] 33#33: gracefully shutting down
2023/03/12 19:42:20 [notice] 35#35: gracefully shutting down
2023/03/12 19:42:20 [notice] 30#30: exiting
2023/03/12 19:42:20 [notice] 31#31: exiting
2023/03/12 19:42:20 [notice] 33#33: exiting
2023/03/12 19:42:20 [notice] 35#35: exiting
2023/03/12 19:42:20 [notice] 30#30: exit
2023/03/12 19:42:20 [notice] 33#33: exit
2023/03/12 19:42:20 [notice] 31#31: exit
2023/03/12 19:42:20 [notice] 35#35: exit
2023/03/12 19:42:20 [notice] 29#29: gracefully shutting down
2023/03/12 19:42:20 [notice] 29#29: exiting
2023/03/12 19:42:20 [notice] 34#34: gracefully shutting down
2023/03/12 19:42:20 [notice] 32#32: gracefully shutting down
2023/03/12 19:42:20 [notice] 34#34: exiting
2023/03/12 19:42:20 [notice] 32#32: exiting
2023/03/12 19:42:20 [notice] 29#29: exit
2023/03/12 19:42:20 [notice] 34#34: exit
2023/03/12 19:42:20 [notice] 32#32: exit
2023/03/12 19:42:20 [notice] 36#36: gracefully shutting down
2023/03/12 19:42:20 [notice] 36#36: exiting
2023/03/12 19:42:20 [notice] 36#36: exit
2023/03/12 19:42:20 [notice] 1#1: signal 17 (SIGCHLD) received from 31
2023/03/12 19:42:20 [notice] 1#1: worker process 31 exited with code 0
2023/03/12 19:42:20 [notice] 1#1: signal 29 (SIGIO) received
2023/03/12 19:42:20 [notice] 1#1: signal 17 (SIGCHLD) received from 29
2023/03/12 19:42:20 [notice] 1#1: worker process 29 exited with code 0
2023/03/12 19:42:20 [notice] 1#1: worker process 30 exited with code 0
2023/03/12 19:42:20 [notice] 1#1: signal 29 (SIGIO) received
2023/03/12 19:42:20 [notice] 1#1: signal 17 (SIGCHLD) received from 30
2023/03/12 19:42:20 [notice] 1#1: signal 17 (SIGCHLD) received from 36
2023/03/12 19:42:20 [notice] 1#1: worker process 36 exited with code 0
2023/03/12 19:42:20 [notice] 1#1: signal 29 (SIGIO) received
2023/03/12 19:42:20 [notice] 1#1: signal 17 (SIGCHLD) received from 32
2023/03/12 19:42:20 [notice] 1#1: worker process 32 exited with code 0
2023/03/12 19:42:20 [notice] 1#1: signal 29 (SIGIO) received
2023/03/12 19:42:20 [notice] 1#1: signal 17 (SIGCHLD) received from 33
2023/03/12 19:42:20 [notice] 1#1: worker process 33 exited with code 0
2023/03/12 19:42:20 [notice] 1#1: signal 29 (SIGIO) received
2023/03/12 19:42:20 [notice] 1#1: signal 17 (SIGCHLD) received from 35
2023/03/12 19:42:20 [notice] 1#1: worker process 35 exited with code 0
2023/03/12 19:42:20 [notice] 1#1: signal 29 (SIGIO) received
2023/03/12 19:42:20 [notice] 1#1: signal 17 (SIGCHLD) received from 34
2023/03/12 19:42:20 [notice] 1#1: worker process 34 exited with code 0
2023/03/12 19:42:20 [notice] 1#1: exit
2023/03/12 19:44:58 [notice] 1#1: using the "epoll" event method
2023/03/12 19:44:58 [notice] 1#1: nginx/1.23.3
2023/03/12 19:44:58 [notice] 1#1: built by gcc 10.2.1 20210110 (Debian 10.2.1-6) 
2023/03/12 19:44:58 [notice] 1#1: OS: Linux 5.15.0-67-generic
2023/03/12 19:44:58 [notice] 1#1: getrlimit(RLIMIT_NOFILE): 1048576:1048576
2023/03/12 19:44:58 [notice] 1#1: start worker processes
2023/03/12 19:44:58 [notice] 1#1: start worker process 29
2023/03/12 19:44:58 [notice] 1#1: start worker process 30
2023/03/12 19:44:58 [notice] 1#1: start worker process 31
2023/03/12 19:44:58 [notice] 1#1: start worker process 32
2023/03/12 19:44:58 [notice] 1#1: start worker process 33
2023/03/12 19:44:58 [notice] 1#1: start worker process 34
2023/03/12 19:44:58 [notice] 1#1: start worker process 35
2023/03/12 19:44:58 [notice] 1#1: start worker process 36
2023/03/12 19:45:09 [error] 33#33: *6 FastCGI sent in stderr: "PHP message: Xdebug: [Step Debug] Could not connect to debugging client. Tried: 172.17.0.1:9000 (through xdebug.client_host/xdebug.client_port)" while reading response header from upstream, client: 192.168.16.1, server: laravel-onboarding.dev, request: "GET / HTTP/1.1", upstream: "fastcgi://192.168.16.4:9000", host: "127.0.0.1:444"
2023/03/12 19:53:53 [notice] 1#1: signal 3 (SIGQUIT) received, shutting down
2023/03/12 19:53:53 [notice] 30#30: gracefully shutting down
2023/03/12 19:53:53 [notice] 29#29: gracefully shutting down
2023/03/12 19:53:53 [notice] 31#31: gracefully shutting down
2023/03/12 19:53:53 [notice] 35#35: gracefully shutting down
2023/03/12 19:53:53 [notice] 32#32: gracefully shutting down
2023/03/12 19:53:53 [notice] 34#34: gracefully shutting down
2023/03/12 19:53:53 [notice] 30#30: exiting
2023/03/12 19:53:53 [notice] 29#29: exiting
2023/03/12 19:53:53 [notice] 31#31: exiting
2023/03/12 19:53:53 [notice] 35#35: exiting
2023/03/12 19:53:53 [notice] 34#34: exiting
2023/03/12 19:53:53 [notice] 36#36: gracefully shutting down
2023/03/12 19:53:53 [notice] 32#32: exiting
2023/03/12 19:53:53 [notice] 36#36: exiting
2023/03/12 19:53:53 [notice] 30#30: exit
2023/03/12 19:53:53 [notice] 29#29: exit
2023/03/12 19:53:53 [notice] 31#31: exit
2023/03/12 19:53:53 [notice] 34#34: exit
2023/03/12 19:53:53 [notice] 35#35: exit
2023/03/12 19:53:53 [notice] 32#32: exit
2023/03/12 19:53:53 [notice] 36#36: exit
2023/03/12 19:53:53 [notice] 33#33: gracefully shutting down
2023/03/12 19:53:53 [notice] 33#33: exiting
2023/03/12 19:53:53 [notice] 33#33: exit
2023/03/12 19:53:53 [notice] 1#1: signal 17 (SIGCHLD) received from 30
2023/03/12 19:53:53 [notice] 1#1: worker process 29 exited with code 0
2023/03/12 19:53:53 [notice] 1#1: worker process 30 exited with code 0
2023/03/12 19:53:53 [notice] 1#1: worker process 33 exited with code 0
2023/03/12 19:53:53 [notice] 1#1: signal 29 (SIGIO) received
2023/03/12 19:53:53 [notice] 1#1: signal 17 (SIGCHLD) received from 32
2023/03/12 19:53:53 [notice] 1#1: worker process 32 exited with code 0
2023/03/12 19:53:53 [notice] 1#1: worker process 34 exited with code 0
2023/03/12 19:53:53 [notice] 1#1: signal 29 (SIGIO) received
2023/03/12 19:53:53 [notice] 1#1: signal 17 (SIGCHLD) received from 34
2023/03/12 19:53:53 [notice] 1#1: signal 17 (SIGCHLD) received from 36
2023/03/12 19:53:53 [notice] 1#1: worker process 31 exited with code 0
2023/03/12 19:53:53 [notice] 1#1: worker process 36 exited with code 0
2023/03/12 19:53:53 [notice] 1#1: signal 29 (SIGIO) received
2023/03/12 19:53:53 [notice] 1#1: signal 17 (SIGCHLD) received from 35
2023/03/12 19:53:53 [notice] 1#1: worker process 35 exited with code 0
2023/03/12 19:53:53 [notice] 1#1: exit
2023/03/12 19:54:35 [notice] 1#1: using the "epoll" event method
2023/03/12 19:54:35 [notice] 1#1: nginx/1.23.3
2023/03/12 19:54:35 [notice] 1#1: built by gcc 10.2.1 20210110 (Debian 10.2.1-6) 
2023/03/12 19:54:35 [notice] 1#1: OS: Linux 5.15.0-67-generic
2023/03/12 19:54:35 [notice] 1#1: getrlimit(RLIMIT_NOFILE): 1048576:1048576
2023/03/12 19:54:35 [notice] 1#1: start worker processes
2023/03/12 19:54:35 [notice] 1#1: start worker process 28
2023/03/12 19:54:35 [notice] 1#1: start worker process 29
2023/03/12 19:54:35 [notice] 1#1: start worker process 30
2023/03/12 19:54:35 [notice] 1#1: start worker process 31
2023/03/12 19:54:35 [notice] 1#1: start worker process 32
2023/03/12 19:54:35 [notice] 1#1: start worker process 33
2023/03/12 19:54:35 [notice] 1#1: start worker process 34
2023/03/12 19:54:35 [notice] 1#1: start worker process 35
2023/03/12 20:06:00 [notice] 1#1: signal 3 (SIGQUIT) received, shutting down
2023/03/12 20:06:00 [notice] 29#29: gracefully shutting down
2023/03/12 20:06:00 [notice] 28#28: gracefully shutting down
2023/03/12 20:06:00 [notice] 30#30: gracefully shutting down
2023/03/12 20:06:00 [notice] 31#31: gracefully shutting down
2023/03/12 20:06:00 [notice] 34#34: gracefully shutting down
2023/03/12 20:06:00 [notice] 32#32: gracefully shutting down
2023/03/12 20:06:00 [notice] 29#29: exiting
2023/03/12 20:06:00 [notice] 28#28: exiting
2023/03/12 20:06:00 [notice] 30#30: exiting
2023/03/12 20:06:00 [notice] 31#31: exiting
2023/03/12 20:06:00 [notice] 34#34: exiting
2023/03/12 20:06:00 [notice] 32#32: exiting
2023/03/12 20:06:00 [notice] 33#33: gracefully shutting down
2023/03/12 20:06:00 [notice] 34#34: exit
2023/03/12 20:06:00 [notice] 29#29: exit
2023/03/12 20:06:00 [notice] 31#31: exit
2023/03/12 20:06:00 [notice] 33#33: exiting
2023/03/12 20:06:00 [notice] 32#32: exit
2023/03/12 20:06:00 [notice] 30#30: exit
2023/03/12 20:06:00 [notice] 28#28: exit
2023/03/12 20:06:00 [notice] 33#33: exit
2023/03/12 20:06:00 [notice] 35#35: gracefully shutting down
2023/03/12 20:06:00 [notice] 35#35: exiting
2023/03/12 20:06:00 [notice] 35#35: exit
2023/03/12 20:06:00 [notice] 1#1: signal 17 (SIGCHLD) received from 29
2023/03/12 20:06:00 [notice] 1#1: worker process 29 exited with code 0
2023/03/12 20:06:00 [notice] 1#1: signal 29 (SIGIO) received
2023/03/12 20:06:00 [notice] 1#1: signal 17 (SIGCHLD) received from 28
2023/03/12 20:06:00 [notice] 1#1: worker process 28 exited with code 0
2023/03/12 20:06:00 [notice] 1#1: worker process 30 exited with code 0
2023/03/12 20:06:00 [notice] 1#1: worker process 33 exited with code 0
2023/03/12 20:06:00 [notice] 1#1: signal 29 (SIGIO) received
2023/03/12 20:06:00 [notice] 1#1: signal 17 (SIGCHLD) received from 30
2023/03/12 20:06:00 [notice] 1#1: signal 17 (SIGCHLD) received from 35
2023/03/12 20:06:00 [notice] 1#1: worker process 35 exited with code 0
2023/03/12 20:06:00 [notice] 1#1: signal 29 (SIGIO) received
2023/03/12 20:06:00 [notice] 1#1: signal 17 (SIGCHLD) received from 34
2023/03/12 20:06:00 [notice] 1#1: worker process 32 exited with code 0
2023/03/12 20:06:00 [notice] 1#1: worker process 34 exited with code 0
2023/03/12 20:06:00 [notice] 1#1: signal 17 (SIGCHLD) received from 32
2023/03/12 20:06:00 [notice] 1#1: worker process 31 exited with code 0
2023/03/12 20:06:00 [notice] 1#1: exit
2023/03/12 20:09:17 [notice] 1#1: using the "epoll" event method
2023/03/12 20:09:17 [notice] 1#1: nginx/1.23.3
2023/03/12 20:09:17 [notice] 1#1: built by gcc 10.2.1 20210110 (Debian 10.2.1-6) 
2023/03/12 20:09:17 [notice] 1#1: OS: Linux 5.15.0-67-generic
2023/03/12 20:09:17 [notice] 1#1: getrlimit(RLIMIT_NOFILE): 1048576:1048576
2023/03/12 20:09:17 [notice] 1#1: start worker processes
2023/03/12 20:09:17 [notice] 1#1: start worker process 28
2023/03/12 20:09:17 [notice] 1#1: start worker process 29
2023/03/12 20:09:17 [notice] 1#1: start worker process 30
2023/03/12 20:09:17 [notice] 1#1: start worker process 31
2023/03/12 20:09:17 [notice] 1#1: start worker process 32
2023/03/12 20:09:17 [notice] 1#1: start worker process 33
2023/03/12 20:09:17 [notice] 1#1: start worker process 34
2023/03/12 20:09:17 [notice] 1#1: start worker process 35
2023/03/12 20:14:06 [notice] 1#1: signal 3 (SIGQUIT) received, shutting down
2023/03/12 20:14:06 [notice] 31#31: gracefully shutting down
2023/03/12 20:14:06 [notice] 34#34: gracefully shutting down
2023/03/12 20:14:06 [notice] 31#31: exiting
2023/03/12 20:14:06 [notice] 34#34: exiting
2023/03/12 20:14:06 [notice] 34#34: exit
2023/03/12 20:14:06 [notice] 31#31: exit
2023/03/12 20:14:06 [notice] 28#28: gracefully shutting down
2023/03/12 20:14:06 [notice] 28#28: exiting
2023/03/12 20:14:06 [notice] 28#28: exit
2023/03/12 20:14:06 [notice] 33#33: gracefully shutting down
2023/03/12 20:14:06 [notice] 33#33: exiting
2023/03/12 20:14:06 [notice] 33#33: exit
2023/03/12 20:14:06 [notice] 29#29: gracefully shutting down
2023/03/12 20:14:06 [notice] 29#29: exiting
2023/03/12 20:14:06 [notice] 29#29: exit
2023/03/12 20:14:06 [notice] 30#30: gracefully shutting down
2023/03/12 20:14:06 [notice] 30#30: exiting
2023/03/12 20:14:06 [notice] 30#30: exit
2023/03/12 20:14:06 [notice] 32#32: gracefully shutting down
2023/03/12 20:14:06 [notice] 32#32: exiting
2023/03/12 20:14:06 [notice] 32#32: exit
2023/03/12 20:14:06 [notice] 35#35: gracefully shutting down
2023/03/12 20:14:06 [notice] 35#35: exiting
2023/03/12 20:14:06 [notice] 35#35: exit
2023/03/12 20:14:07 [notice] 1#1: signal 17 (SIGCHLD) received from 31
2023/03/12 20:14:07 [notice] 1#1: worker process 31 exited with code 0
2023/03/12 20:14:07 [notice] 1#1: signal 29 (SIGIO) received
2023/03/12 20:14:07 [notice] 1#1: signal 17 (SIGCHLD) received from 35
2023/03/12 20:14:07 [notice] 1#1: worker process 28 exited with code 0
2023/03/12 20:14:07 [notice] 1#1: worker process 34 exited with code 0
2023/03/12 20:14:07 [notice] 1#1: worker process 35 exited with code 0
2023/03/12 20:14:07 [notice] 1#1: signal 29 (SIGIO) received
2023/03/12 20:14:07 [notice] 1#1: signal 17 (SIGCHLD) received from 28
2023/03/12 20:14:07 [notice] 1#1: worker process 29 exited with code 0
2023/03/12 20:14:07 [notice] 1#1: worker process 30 exited with code 0
2023/03/12 20:14:07 [notice] 1#1: signal 29 (SIGIO) received
2023/03/12 20:14:07 [notice] 1#1: signal 17 (SIGCHLD) received from 29
2023/03/12 20:14:07 [notice] 1#1: signal 17 (SIGCHLD) received from 32
2023/03/12 20:14:07 [notice] 1#1: worker process 32 exited with code 0
2023/03/12 20:14:07 [notice] 1#1: worker process 33 exited with code 0
2023/03/12 20:14:07 [notice] 1#1: exit
2023/03/12 20:14:12 [notice] 1#1: using the "epoll" event method
2023/03/12 20:14:12 [notice] 1#1: nginx/1.23.3
2023/03/12 20:14:12 [notice] 1#1: built by gcc 10.2.1 20210110 (Debian 10.2.1-6) 
2023/03/12 20:14:12 [notice] 1#1: OS: Linux 5.15.0-67-generic
2023/03/12 20:14:12 [notice] 1#1: getrlimit(RLIMIT_NOFILE): 1048576:1048576
2023/03/12 20:14:12 [notice] 1#1: start worker processes
2023/03/12 20:14:12 [notice] 1#1: start worker process 28
2023/03/12 20:14:12 [notice] 1#1: start worker process 29
2023/03/12 20:14:12 [notice] 1#1: start worker process 30
2023/03/12 20:14:12 [notice] 1#1: start worker process 31
2023/03/12 20:14:12 [notice] 1#1: start worker process 32
2023/03/12 20:14:12 [notice] 1#1: start worker process 33
2023/03/12 20:14:12 [notice] 1#1: start worker process 34
2023/03/12 20:14:12 [notice] 1#1: start worker process 35
2023/03/12 20:15:04 [notice] 1#1: signal 3 (SIGQUIT) received, shutting down
2023/03/12 20:15:04 [notice] 29#29: gracefully shutting down
2023/03/12 20:15:04 [notice] 28#28: gracefully shutting down
2023/03/12 20:15:04 [notice] 30#30: gracefully shutting down
2023/03/12 20:15:04 [notice] 29#29: exiting
2023/03/12 20:15:04 [notice] 31#31: gracefully shutting down
2023/03/12 20:15:04 [notice] 32#32: gracefully shutting down
2023/03/12 20:15:04 [notice] 30#30: exiting
2023/03/12 20:15:04 [notice] 34#34: gracefully shutting down
2023/03/12 20:15:04 [notice] 31#31: exiting
2023/03/12 20:15:04 [notice] 32#32: exiting
2023/03/12 20:15:04 [notice] 34#34: exiting
2023/03/12 20:15:04 [notice] 29#29: exit
2023/03/12 20:15:04 [notice] 28#28: exiting
2023/03/12 20:15:04 [notice] 30#30: exit
2023/03/12 20:15:04 [notice] 28#28: exit
2023/03/12 20:15:04 [notice] 31#31: exit
2023/03/12 20:15:04 [notice] 32#32: exit
2023/03/12 20:15:04 [notice] 34#34: exit
2023/03/12 20:15:04 [notice] 33#33: gracefully shutting down
2023/03/12 20:15:04 [notice] 33#33: exiting
2023/03/12 20:15:04 [notice] 35#35: gracefully shutting down
2023/03/12 20:15:04 [notice] 35#35: exiting
2023/03/12 20:15:04 [notice] 33#33: exit
2023/03/12 20:15:04 [notice] 35#35: exit
2023/03/12 20:15:04 [notice] 1#1: signal 17 (SIGCHLD) received from 33
2023/03/12 20:15:04 [notice] 1#1: worker process 29 exited with code 0
2023/03/12 20:15:04 [notice] 1#1: worker process 30 exited with code 0
2023/03/12 20:15:04 [notice] 1#1: worker process 32 exited with code 0
2023/03/12 20:15:04 [notice] 1#1: worker process 33 exited with code 0
2023/03/12 20:15:04 [notice] 1#1: signal 29 (SIGIO) received
2023/03/12 20:15:04 [notice] 1#1: signal 17 (SIGCHLD) received from 30
2023/03/12 20:15:04 [notice] 1#1: signal 17 (SIGCHLD) received from 35
2023/03/12 20:15:04 [notice] 1#1: worker process 28 exited with code 0
2023/03/12 20:15:04 [notice] 1#1: worker process 34 exited with code 0
2023/03/12 20:15:04 [notice] 1#1: worker process 35 exited with code 0
2023/03/12 20:15:04 [notice] 1#1: signal 29 (SIGIO) received
2023/03/12 20:15:04 [notice] 1#1: signal 17 (SIGCHLD) received from 34
2023/03/12 20:15:04 [notice] 1#1: signal 17 (SIGCHLD) received from 31
2023/03/12 20:15:04 [notice] 1#1: worker process 31 exited with code 0
2023/03/12 20:15:04 [notice] 1#1: exit
2023/03/12 20:15:35 [notice] 1#1: using the "epoll" event method
2023/03/12 20:15:35 [notice] 1#1: nginx/1.23.3
2023/03/12 20:15:35 [notice] 1#1: built by gcc 10.2.1 20210110 (Debian 10.2.1-6) 
2023/03/12 20:15:35 [notice] 1#1: OS: Linux 5.15.0-67-generic
2023/03/12 20:15:35 [notice] 1#1: getrlimit(RLIMIT_NOFILE): 1048576:1048576
2023/03/12 20:15:35 [notice] 1#1: start worker processes
2023/03/12 20:15:35 [notice] 1#1: start worker process 29
2023/03/12 20:15:35 [notice] 1#1: start worker process 30
2023/03/12 20:15:35 [notice] 1#1: start worker process 31
2023/03/12 20:15:35 [notice] 1#1: start worker process 32
2023/03/12 20:15:35 [notice] 1#1: start worker process 33
2023/03/12 20:15:35 [notice] 1#1: start worker process 34
2023/03/12 20:15:35 [notice] 1#1: start worker process 35
2023/03/12 20:15:35 [notice] 1#1: start worker process 36
2023/03/12 20:19:56 [notice] 1#1: signal 3 (SIGQUIT) received, shutting down
2023/03/12 20:19:56 [notice] 30#30: gracefully shutting down
2023/03/12 20:19:56 [notice] 29#29: gracefully shutting down
2023/03/12 20:19:56 [notice] 31#31: gracefully shutting down
2023/03/12 20:19:56 [notice] 33#33: gracefully shutting down
2023/03/12 20:19:56 [notice] 29#29: exiting
2023/03/12 20:19:56 [notice] 36#36: gracefully shutting down
2023/03/12 20:19:56 [notice] 32#32: gracefully shutting down
2023/03/12 20:19:56 [notice] 34#34: gracefully shutting down
2023/03/12 20:19:56 [notice] 31#31: exiting
2023/03/12 20:19:56 [notice] 33#33: exiting
2023/03/12 20:19:56 [notice] 35#35: gracefully shutting down
2023/03/12 20:19:56 [notice] 36#36: exiting
2023/03/12 20:19:56 [notice] 32#32: exiting
2023/03/12 20:19:56 [notice] 34#34: exiting
2023/03/12 20:19:56 [notice] 30#30: exiting
2023/03/12 20:19:56 [notice] 35#35: exiting
2023/03/12 20:19:56 [notice] 29#29: exit
2023/03/12 20:19:56 [notice] 31#31: exit
2023/03/12 20:19:56 [notice] 33#33: exit
2023/03/12 20:19:56 [notice] 36#36: exit
2023/03/12 20:19:56 [notice] 32#32: exit
2023/03/12 20:19:56 [notice] 34#34: exit
2023/03/12 20:19:56 [notice] 30#30: exit
2023/03/12 20:19:56 [notice] 35#35: exit
2023/03/12 20:19:56 [notice] 1#1: signal 17 (SIGCHLD) received from 29
2023/03/12 20:19:56 [notice] 1#1: worker process 29 exited with code 0
2023/03/12 20:19:56 [notice] 1#1: worker process 31 exited with code 0
2023/03/12 20:19:56 [notice] 1#1: worker process 36 exited with code 0
2023/03/12 20:19:56 [notice] 1#1: signal 29 (SIGIO) received
2023/03/12 20:19:56 [notice] 1#1: signal 17 (SIGCHLD) received from 31
2023/03/12 20:19:56 [notice] 1#1: signal 17 (SIGCHLD) received from 32
2023/03/12 20:19:56 [notice] 1#1: worker process 32 exited with code 0
2023/03/12 20:19:56 [notice] 1#1: signal 29 (SIGIO) received
2023/03/12 20:19:56 [notice] 1#1: signal 17 (SIGCHLD) received from 34
2023/03/12 20:19:56 [notice] 1#1: worker process 34 exited with code 0
2023/03/12 20:19:56 [notice] 1#1: signal 29 (SIGIO) received
2023/03/12 20:19:56 [notice] 1#1: signal 17 (SIGCHLD) received from 30
2023/03/12 20:19:56 [notice] 1#1: worker process 30 exited with code 0
2023/03/12 20:19:56 [notice] 1#1: worker process 33 exited with code 0
2023/03/12 20:19:56 [notice] 1#1: signal 29 (SIGIO) received
2023/03/12 20:19:56 [notice] 1#1: signal 17 (SIGCHLD) received from 33
2023/03/12 20:19:56 [notice] 1#1: signal 17 (SIGCHLD) received from 35
2023/03/12 20:19:56 [notice] 1#1: worker process 35 exited with code 0
2023/03/12 20:19:56 [notice] 1#1: exit
2023/03/12 20:20:01 [notice] 1#1: using the "epoll" event method
2023/03/12 20:20:01 [notice] 1#1: nginx/1.23.3
2023/03/12 20:20:01 [notice] 1#1: built by gcc 10.2.1 20210110 (Debian 10.2.1-6) 
2023/03/12 20:20:01 [notice] 1#1: OS: Linux 5.15.0-67-generic
2023/03/12 20:20:01 [notice] 1#1: getrlimit(RLIMIT_NOFILE): 1048576:1048576
2023/03/12 20:20:01 [notice] 1#1: start worker processes
2023/03/12 20:20:01 [notice] 1#1: start worker process 31
2023/03/12 20:20:01 [notice] 1#1: start worker process 32
2023/03/12 20:20:01 [notice] 1#1: start worker process 33
2023/03/12 20:20:01 [notice] 1#1: start worker process 34
2023/03/12 20:20:01 [notice] 1#1: start worker process 35
2023/03/12 20:20:01 [notice] 1#1: start worker process 36
2023/03/12 20:20:01 [notice] 1#1: start worker process 37
2023/03/12 20:20:01 [notice] 1#1: start worker process 38
2023/03/12 20:22:04 [notice] 1#1: signal 3 (SIGQUIT) received, shutting down
2023/03/12 20:22:04 [notice] 34#34: gracefully shutting down
2023/03/12 20:22:04 [notice] 31#31: gracefully shutting down
2023/03/12 20:22:04 [notice] 32#32: gracefully shutting down
2023/03/12 20:22:04 [notice] 31#31: exiting
2023/03/12 20:22:04 [notice] 33#33: gracefully shutting down
2023/03/12 20:22:04 [notice] 34#34: exiting
2023/03/12 20:22:04 [notice] 35#35: gracefully shutting down
2023/03/12 20:22:04 [notice] 33#33: exiting
2023/03/12 20:22:04 [notice] 35#35: exiting
2023/03/12 20:22:04 [notice] 34#34: exit
2023/03/12 20:22:04 [notice] 31#31: exit
2023/03/12 20:22:04 [notice] 33#33: exit
2023/03/12 20:22:04 [notice] 32#32: exiting
2023/03/12 20:22:04 [notice] 35#35: exit
2023/03/12 20:22:04 [notice] 32#32: exit
2023/03/12 20:22:04 [notice] 38#38: gracefully shutting down
2023/03/12 20:22:04 [notice] 36#36: gracefully shutting down
2023/03/12 20:22:04 [notice] 38#38: exiting
2023/03/12 20:22:04 [notice] 36#36: exiting
2023/03/12 20:22:04 [notice] 38#38: exit
2023/03/12 20:22:04 [notice] 36#36: exit
2023/03/12 20:22:04 [notice] 37#37: gracefully shutting down
2023/03/12 20:22:04 [notice] 37#37: exiting
2023/03/12 20:22:04 [notice] 37#37: exit
2023/03/12 20:22:04 [notice] 1#1: signal 17 (SIGCHLD) received from 35
2023/03/12 20:22:04 [notice] 1#1: worker process 31 exited with code 0
2023/03/12 20:22:04 [notice] 1#1: worker process 32 exited with code 0
2023/03/12 20:22:04 [notice] 1#1: worker process 35 exited with code 0
2023/03/12 20:22:04 [notice] 1#1: signal 29 (SIGIO) received
2023/03/12 20:22:04 [notice] 1#1: signal 17 (SIGCHLD) received from 31
2023/03/12 20:22:04 [notice] 1#1: worker process 38 exited with code 0
2023/03/12 20:22:04 [notice] 1#1: signal 29 (SIGIO) received
2023/03/12 20:22:04 [notice] 1#1: signal 17 (SIGCHLD) received from 34
2023/03/12 20:22:04 [notice] 1#1: worker process 34 exited with code 0
2023/03/12 20:22:04 [notice] 1#1: signal 29 (SIGIO) received
2023/03/12 20:22:04 [notice] 1#1: signal 17 (SIGCHLD) received from 37
2023/03/12 20:22:04 [notice] 1#1: worker process 37 exited with code 0
2023/03/12 20:22:04 [notice] 1#1: signal 29 (SIGIO) received
2023/03/12 20:22:04 [notice] 1#1: signal 17 (SIGCHLD) received from 33
2023/03/12 20:22:04 [notice] 1#1: worker process 33 exited with code 0
2023/03/12 20:22:04 [notice] 1#1: worker process 36 exited with code 0
2023/03/12 20:22:04 [notice] 1#1: exit
2023/03/12 20:23:41 [notice] 1#1: using the "epoll" event method
2023/03/12 20:23:41 [notice] 1#1: nginx/1.23.3
2023/03/12 20:23:41 [notice] 1#1: built by gcc 10.2.1 20210110 (Debian 10.2.1-6) 
2023/03/12 20:23:41 [notice] 1#1: OS: Linux 5.15.0-67-generic
2023/03/12 20:23:41 [notice] 1#1: getrlimit(RLIMIT_NOFILE): 1048576:1048576
2023/03/12 20:23:41 [notice] 1#1: start worker processes
2023/03/12 20:23:41 [notice] 1#1: start worker process 28
2023/03/12 20:23:41 [notice] 1#1: start worker process 29
2023/03/12 20:23:41 [notice] 1#1: start worker process 30
2023/03/12 20:23:41 [notice] 1#1: start worker process 31
2023/03/12 20:23:41 [notice] 1#1: start worker process 32
2023/03/12 20:23:41 [notice] 1#1: start worker process 33
2023/03/12 20:23:41 [notice] 1#1: start worker process 34
2023/03/12 20:23:41 [notice] 1#1: start worker process 35
2023/03/12 20:26:52 [notice] 1#1: signal 3 (SIGQUIT) received, shutting down
2023/03/12 20:26:52 [notice] 30#30: gracefully shutting down
2023/03/12 20:26:52 [notice] 29#29: gracefully shutting down
2023/03/12 20:26:52 [notice] 28#28: gracefully shutting down
2023/03/12 20:26:52 [notice] 33#33: gracefully shutting down
2023/03/12 20:26:52 [notice] 31#31: gracefully shutting down
2023/03/12 20:26:52 [notice] 35#35: gracefully shutting down
2023/03/12 20:26:52 [notice] 30#30: exiting
2023/03/12 20:26:52 [notice] 34#34: gracefully shutting down
2023/03/12 20:26:52 [notice] 29#29: exiting
2023/03/12 20:26:52 [notice] 28#28: exiting
2023/03/12 20:26:52 [notice] 33#33: exiting
2023/03/12 20:26:52 [notice] 31#31: exiting
2023/03/12 20:26:52 [notice] 35#35: exiting
2023/03/12 20:26:52 [notice] 34#34: exiting
2023/03/12 20:26:52 [notice] 30#30: exit
2023/03/12 20:26:52 [notice] 33#33: exit
2023/03/12 20:26:52 [notice] 31#31: exit
2023/03/12 20:26:52 [notice] 29#29: exit
2023/03/12 20:26:52 [notice] 28#28: exit
2023/03/12 20:26:52 [notice] 34#34: exit
2023/03/12 20:26:52 [notice] 35#35: exit
2023/03/12 20:26:52 [notice] 32#32: gracefully shutting down
2023/03/12 20:26:52 [notice] 32#32: exiting
2023/03/12 20:26:52 [notice] 32#32: exit
2023/03/12 20:26:52 [notice] 1#1: signal 17 (SIGCHLD) received from 35
2023/03/12 20:26:52 [notice] 1#1: worker process 35 exited with code 0
2023/03/12 20:26:52 [notice] 1#1: signal 29 (SIGIO) received
2023/03/12 20:26:52 [notice] 1#1: signal 17 (SIGCHLD) received from 28
2023/03/12 20:26:52 [notice] 1#1: worker process 28 exited with code 0
2023/03/12 20:26:52 [notice] 1#1: signal 29 (SIGIO) received
2023/03/12 20:26:52 [notice] 1#1: signal 17 (SIGCHLD) received from 34
2023/03/12 20:26:52 [notice] 1#1: worker process 34 exited with code 0
2023/03/12 20:26:52 [notice] 1#1: signal 29 (SIGIO) received
2023/03/12 20:26:52 [notice] 1#1: signal 17 (SIGCHLD) received from 32
2023/03/12 20:26:52 [notice] 1#1: worker process 29 exited with code 0
2023/03/12 20:26:52 [notice] 1#1: worker process 30 exited with code 0
2023/03/12 20:26:52 [notice] 1#1: worker process 32 exited with code 0
2023/03/12 20:26:52 [notice] 1#1: signal 29 (SIGIO) received
2023/03/12 20:26:52 [notice] 1#1: signal 17 (SIGCHLD) received from 29
2023/03/12 20:26:52 [notice] 1#1: signal 17 (SIGCHLD) received from 31
2023/03/12 20:26:52 [notice] 1#1: worker process 31 exited with code 0
2023/03/12 20:26:52 [notice] 1#1: signal 29 (SIGIO) received
2023/03/12 20:26:52 [notice] 1#1: signal 17 (SIGCHLD) received from 33
2023/03/12 20:26:52 [notice] 1#1: worker process 33 exited with code 0
2023/03/12 20:26:52 [notice] 1#1: exit
2023/03/12 20:27:02 [notice] 1#1: using the "epoll" event method
2023/03/12 20:27:02 [notice] 1#1: nginx/1.23.3
2023/03/12 20:27:02 [notice] 1#1: built by gcc 10.2.1 20210110 (Debian 10.2.1-6) 
2023/03/12 20:27:02 [notice] 1#1: OS: Linux 5.15.0-67-generic
2023/03/12 20:27:02 [notice] 1#1: getrlimit(RLIMIT_NOFILE): 1048576:1048576
2023/03/12 20:27:02 [notice] 1#1: start worker processes
2023/03/12 20:27:02 [notice] 1#1: start worker process 28
2023/03/12 20:27:02 [notice] 1#1: start worker process 29
2023/03/12 20:27:02 [notice] 1#1: start worker process 30
2023/03/12 20:27:02 [notice] 1#1: start worker process 31
2023/03/12 20:27:02 [notice] 1#1: start worker process 32
2023/03/12 20:27:02 [notice] 1#1: start worker process 33
2023/03/12 20:27:02 [notice] 1#1: start worker process 34
2023/03/12 20:27:02 [notice] 1#1: start worker process 35
2023/03/12 20:27:06 [error] 29#29: *3 FastCGI sent in stderr: "PHP message: Xdebug: [Step Debug] Could not connect to debugging client. Tried: 172.17.0.1:9000 (through xdebug.client_host/xdebug.client_port)" while reading response header from upstream, client: 192.168.96.1, server: laravel-onboarding.dev, request: "GET / HTTP/1.1", upstream: "fastcgi://192.168.96.2:9000", host: "127.0.0.1:444"
2023/03/12 20:27:53 [notice] 1#1: signal 3 (SIGQUIT) received, shutting down
2023/03/12 20:27:53 [notice] 28#28: gracefully shutting down
2023/03/12 20:27:53 [notice] 31#31: gracefully shutting down
2023/03/12 20:27:53 [notice] 28#28: exiting
2023/03/12 20:27:53 [notice] 34#34: gracefully shutting down
2023/03/12 20:27:53 [notice] 33#33: gracefully shutting down
2023/03/12 20:27:53 [notice] 35#35: gracefully shutting down
2023/03/12 20:27:53 [notice] 34#34: exiting
2023/03/12 20:27:53 [notice] 31#31: exiting
2023/03/12 20:27:53 [notice] 33#33: exiting
2023/03/12 20:27:53 [notice] 35#35: exiting
2023/03/12 20:27:53 [notice] 29#29: gracefully shutting down
2023/03/12 20:27:53 [notice] 28#28: exit
2023/03/12 20:27:53 [notice] 29#29: exiting
2023/03/12 20:27:53 [notice] 34#34: exit
2023/03/12 20:27:53 [notice] 31#31: exit
2023/03/12 20:27:53 [notice] 33#33: exit
2023/03/12 20:27:53 [notice] 35#35: exit
2023/03/12 20:27:53 [notice] 29#29: exit
2023/03/12 20:27:53 [notice] 30#30: gracefully shutting down
2023/03/12 20:27:53 [notice] 32#32: gracefully shutting down
2023/03/12 20:27:53 [notice] 30#30: exiting
2023/03/12 20:27:53 [notice] 32#32: exiting
2023/03/12 20:27:53 [notice] 30#30: exit
2023/03/12 20:27:53 [notice] 32#32: exit
2023/03/12 20:27:53 [notice] 1#1: signal 17 (SIGCHLD) received from 31
2023/03/12 20:27:53 [notice] 1#1: worker process 31 exited with code 0
2023/03/12 20:27:53 [notice] 1#1: signal 29 (SIGIO) received
2023/03/12 20:27:53 [notice] 1#1: signal 17 (SIGCHLD) received from 33
2023/03/12 20:27:53 [notice] 1#1: worker process 33 exited with code 0
2023/03/12 20:27:53 [notice] 1#1: signal 29 (SIGIO) received
2023/03/12 20:27:53 [notice] 1#1: signal 17 (SIGCHLD) received from 29
2023/03/12 20:27:53 [notice] 1#1: worker process 29 exited with code 0
2023/03/12 20:27:53 [notice] 1#1: signal 29 (SIGIO) received
2023/03/12 20:27:53 [notice] 1#1: signal 17 (SIGCHLD) received from 34
2023/03/12 20:27:53 [notice] 1#1: worker process 34 exited with code 0
2023/03/12 20:27:53 [notice] 1#1: signal 29 (SIGIO) received
2023/03/12 20:27:53 [notice] 1#1: signal 17 (SIGCHLD) received from 30
2023/03/12 20:27:53 [notice] 1#1: worker process 30 exited with code 0
2023/03/12 20:27:53 [notice] 1#1: signal 29 (SIGIO) received
2023/03/12 20:27:53 [notice] 1#1: signal 17 (SIGCHLD) received from 32
2023/03/12 20:27:53 [notice] 1#1: worker process 32 exited with code 0
2023/03/12 20:27:53 [notice] 1#1: worker process 28 exited with code 0
2023/03/12 20:27:53 [notice] 1#1: signal 29 (SIGIO) received
2023/03/12 20:27:53 [notice] 1#1: signal 17 (SIGCHLD) received from 28
2023/03/12 20:27:53 [notice] 1#1: signal 17 (SIGCHLD) received from 35
2023/03/12 20:27:53 [notice] 1#1: worker process 35 exited with code 0
2023/03/12 20:27:53 [notice] 1#1: exit
2023/03/13 08:09:57 [emerg] 1#1: host not found in upstream "app" in /etc/nginx/conf.d/default.conf:16
2023/03/13 08:09:58 [emerg] 1#1: host not found in upstream "app" in /etc/nginx/conf.d/default.conf:16
2023/03/13 08:09:59 [emerg] 1#1: host not found in upstream "app" in /etc/nginx/conf.d/default.conf:16
2023/03/13 08:10:00 [emerg] 1#1: host not found in upstream "app" in /etc/nginx/conf.d/default.conf:16
2023/03/13 08:10:01 [emerg] 1#1: host not found in upstream "app" in /etc/nginx/conf.d/default.conf:16
2023/03/13 08:10:03 [emerg] 1#1: host not found in upstream "app" in /etc/nginx/conf.d/default.conf:16
2023/03/13 08:10:07 [emerg] 1#1: host not found in upstream "app" in /etc/nginx/conf.d/default.conf:16
2023/03/13 08:10:14 [emerg] 1#1: host not found in upstream "app" in /etc/nginx/conf.d/default.conf:16
2023/03/13 08:10:26 [emerg] 1#1: host not found in upstream "app" in /etc/nginx/conf.d/default.conf:16
2023/03/13 08:10:52 [emerg] 1#1: host not found in upstream "app" in /etc/nginx/conf.d/default.conf:16
2023/03/13 08:11:44 [emerg] 1#1: host not found in upstream "app" in /etc/nginx/conf.d/default.conf:16
2023/03/13 08:12:44 [emerg] 1#1: host not found in upstream "app" in /etc/nginx/conf.d/default.conf:16
2023/03/13 08:13:45 [emerg] 1#1: host not found in upstream "app" in /etc/nginx/conf.d/default.conf:16
2023/03/13 08:14:45 [emerg] 1#1: host not found in upstream "app" in /etc/nginx/conf.d/default.conf:16
2023/03/13 08:15:46 [emerg] 1#1: host not found in upstream "app" in /etc/nginx/conf.d/default.conf:16
2023/03/13 08:16:47 [emerg] 1#1: host not found in upstream "app" in /etc/nginx/conf.d/default.conf:16
2023/03/13 08:17:47 [emerg] 1#1: host not found in upstream "app" in /etc/nginx/conf.d/default.conf:16
2023/03/13 08:18:48 [emerg] 1#1: host not found in upstream "app" in /etc/nginx/conf.d/default.conf:16
2023/03/13 08:19:48 [emerg] 1#1: host not found in upstream "app" in /etc/nginx/conf.d/default.conf:16
2023/03/13 08:20:49 [emerg] 1#1: host not found in upstream "app" in /etc/nginx/conf.d/default.conf:16
2023/03/13 08:21:49 [emerg] 1#1: host not found in upstream "app" in /etc/nginx/conf.d/default.conf:16
2023/03/13 08:22:50 [emerg] 1#1: host not found in upstream "app" in /etc/nginx/conf.d/default.conf:16
2023/03/13 08:23:50 [emerg] 1#1: host not found in upstream "app" in /etc/nginx/conf.d/default.conf:16
2023/03/13 08:24:51 [emerg] 1#1: host not found in upstream "app" in /etc/nginx/conf.d/default.conf:16
2023/03/13 08:25:51 [emerg] 1#1: host not found in upstream "app" in /etc/nginx/conf.d/default.conf:16
2023/03/13 08:26:52 [emerg] 1#1: host not found in upstream "app" in /etc/nginx/conf.d/default.conf:16
2023/03/13 08:27:52 [emerg] 1#1: host not found in upstream "app" in /etc/nginx/conf.d/default.conf:16
2023/03/13 08:28:53 [emerg] 1#1: host not found in upstream "app" in /etc/nginx/conf.d/default.conf:16
2023/03/13 08:29:53 [emerg] 1#1: host not found in upstream "app" in /etc/nginx/conf.d/default.conf:16
2023/03/13 08:30:53 [emerg] 1#1: host not found in upstream "app" in /etc/nginx/conf.d/default.conf:16
2023/03/13 08:31:54 [emerg] 1#1: host not found in upstream "app" in /etc/nginx/conf.d/default.conf:16
2023/03/13 08:32:54 [emerg] 1#1: host not found in upstream "app" in /etc/nginx/conf.d/default.conf:16
2023/03/13 08:33:55 [emerg] 1#1: host not found in upstream "app" in /etc/nginx/conf.d/default.conf:16
2023/03/13 08:34:55 [emerg] 1#1: host not found in upstream "app" in /etc/nginx/conf.d/default.conf:16
2023/03/13 08:35:56 [emerg] 1#1: host not found in upstream "app" in /etc/nginx/conf.d/default.conf:16
2023/03/13 08:36:56 [emerg] 1#1: host not found in upstream "app" in /etc/nginx/conf.d/default.conf:16
2023/03/13 08:37:57 [emerg] 1#1: host not found in upstream "app" in /etc/nginx/conf.d/default.conf:16
2023/03/13 08:38:57 [emerg] 1#1: host not found in upstream "app" in /etc/nginx/conf.d/default.conf:16
2023/03/13 08:39:58 [emerg] 1#1: host not found in upstream "app" in /etc/nginx/conf.d/default.conf:16
2023/03/13 08:40:58 [emerg] 1#1: host not found in upstream "app" in /etc/nginx/conf.d/default.conf:16
2023/03/13 08:41:59 [emerg] 1#1: host not found in upstream "app" in /etc/nginx/conf.d/default.conf:16
2023/03/13 08:42:59 [emerg] 1#1: host not found in upstream "app" in /etc/nginx/conf.d/default.conf:16
2023/03/13 08:43:59 [emerg] 1#1: host not found in upstream "app" in /etc/nginx/conf.d/default.conf:16
2023/03/13 08:45:00 [emerg] 1#1: host not found in upstream "app" in /etc/nginx/conf.d/default.conf:16
2023/03/13 08:46:00 [emerg] 1#1: host not found in upstream "app" in /etc/nginx/conf.d/default.conf:16
2023/03/13 08:47:01 [emerg] 1#1: host not found in upstream "app" in /etc/nginx/conf.d/default.conf:16
2023/03/13 08:48:01 [emerg] 1#1: host not found in upstream "app" in /etc/nginx/conf.d/default.conf:16
2023/03/13 08:49:02 [emerg] 1#1: host not found in upstream "app" in /etc/nginx/conf.d/default.conf:16
2023/03/13 08:50:02 [emerg] 1#1: host not found in upstream "app" in /etc/nginx/conf.d/default.conf:16
2023/03/13 08:51:03 [emerg] 1#1: host not found in upstream "app" in /etc/nginx/conf.d/default.conf:16
2023/03/13 08:52:03 [emerg] 1#1: host not found in upstream "app" in /etc/nginx/conf.d/default.conf:16
2023/03/13 08:53:04 [emerg] 1#1: host not found in upstream "app" in /etc/nginx/conf.d/default.conf:16
2023/03/13 08:54:04 [emerg] 1#1: host not found in upstream "app" in /etc/nginx/conf.d/default.conf:16
2023/03/13 08:55:05 [emerg] 1#1: host not found in upstream "app" in /etc/nginx/conf.d/default.conf:16
2023/03/13 08:56:05 [emerg] 1#1: host not found in upstream "app" in /etc/nginx/conf.d/default.conf:16
2023/03/13 08:57:06 [emerg] 1#1: host not found in upstream "app" in /etc/nginx/conf.d/default.conf:16
2023/03/13 08:58:06 [emerg] 1#1: host not found in upstream "app" in /etc/nginx/conf.d/default.conf:16
2023/03/13 08:59:07 [emerg] 1#1: host not found in upstream "app" in /etc/nginx/conf.d/default.conf:16
2023/03/13 09:00:07 [emerg] 1#1: host not found in upstream "app" in /etc/nginx/conf.d/default.conf:16
2023/03/13 09:01:08 [emerg] 1#1: host not found in upstream "app" in /etc/nginx/conf.d/default.conf:16
2023/03/13 09:02:08 [emerg] 1#1: host not found in upstream "app" in /etc/nginx/conf.d/default.conf:16
2023/03/13 09:03:09 [emerg] 1#1: host not found in upstream "app" in /etc/nginx/conf.d/default.conf:16
2023/03/13 09:04:09 [emerg] 1#1: host not found in upstream "app" in /etc/nginx/conf.d/default.conf:16
2023/03/13 09:05:10 [emerg] 1#1: host not found in upstream "app" in /etc/nginx/conf.d/default.conf:16
2023/03/13 09:06:10 [emerg] 1#1: host not found in upstream "app" in /etc/nginx/conf.d/default.conf:16
2023/03/13 09:07:11 [emerg] 1#1: host not found in upstream "app" in /etc/nginx/conf.d/default.conf:16
2023/03/13 09:08:11 [emerg] 1#1: host not found in upstream "app" in /etc/nginx/conf.d/default.conf:16
2023/03/13 09:09:12 [emerg] 1#1: host not found in upstream "app" in /etc/nginx/conf.d/default.conf:16
2023/03/13 09:10:12 [emerg] 1#1: host not found in upstream "app" in /etc/nginx/conf.d/default.conf:16
2023/03/13 09:11:13 [emerg] 1#1: host not found in upstream "app" in /etc/nginx/conf.d/default.conf:16
2023/03/13 09:12:13 [emerg] 1#1: host not found in upstream "app" in /etc/nginx/conf.d/default.conf:16
2023/03/13 09:13:14 [emerg] 1#1: host not found in upstream "app" in /etc/nginx/conf.d/default.conf:16
2023/03/13 09:14:14 [emerg] 1#1: host not found in upstream "app" in /etc/nginx/conf.d/default.conf:16
2023/03/13 09:15:15 [emerg] 1#1: host not found in upstream "app" in /etc/nginx/conf.d/default.conf:16
2023/03/13 09:16:15 [emerg] 1#1: host not found in upstream "app" in /etc/nginx/conf.d/default.conf:16
2023/03/13 09:17:16 [emerg] 1#1: host not found in upstream "app" in /etc/nginx/conf.d/default.conf:16
2023/03/13 09:18:16 [emerg] 1#1: host not found in upstream "app" in /etc/nginx/conf.d/default.conf:16
2023/03/13 09:19:17 [emerg] 1#1: host not found in upstream "app" in /etc/nginx/conf.d/default.conf:16
2023/03/13 09:20:17 [emerg] 1#1: host not found in upstream "app" in /etc/nginx/conf.d/default.conf:16
2023/03/13 09:21:18 [emerg] 1#1: host not found in upstream "app" in /etc/nginx/conf.d/default.conf:16
2023/03/13 09:22:18 [emerg] 1#1: host not found in upstream "app" in /etc/nginx/conf.d/default.conf:16
2023/03/13 09:23:19 [emerg] 1#1: host not found in upstream "app" in /etc/nginx/conf.d/default.conf:16
2023/03/13 09:24:19 [emerg] 1#1: host not found in upstream "app" in /etc/nginx/conf.d/default.conf:16
2023/03/13 09:25:20 [emerg] 1#1: host not found in upstream "app" in /etc/nginx/conf.d/default.conf:16
2023/03/13 09:26:20 [emerg] 1#1: host not found in upstream "app" in /etc/nginx/conf.d/default.conf:16
2023/03/13 09:27:21 [emerg] 1#1: host not found in upstream "app" in /etc/nginx/conf.d/default.conf:16
2023/03/13 09:28:21 [emerg] 1#1: host not found in upstream "app" in /etc/nginx/conf.d/default.conf:16
2023/03/13 09:29:22 [emerg] 1#1: host not found in upstream "app" in /etc/nginx/conf.d/default.conf:16
2023/03/13 09:30:22 [emerg] 1#1: host not found in upstream "app" in /etc/nginx/conf.d/default.conf:16
2023/03/13 09:31:23 [emerg] 1#1: host not found in upstream "app" in /etc/nginx/conf.d/default.conf:16
2023/03/13 09:32:23 [emerg] 1#1: host not found in upstream "app" in /etc/nginx/conf.d/default.conf:16
2023/03/13 09:33:24 [emerg] 1#1: host not found in upstream "app" in /etc/nginx/conf.d/default.conf:16
2023/03/13 09:34:25 [emerg] 1#1: host not found in upstream "app" in /etc/nginx/conf.d/default.conf:16
2023/03/13 09:35:25 [emerg] 1#1: host not found in upstream "app" in /etc/nginx/conf.d/default.conf:16
2023/03/13 09:36:26 [emerg] 1#1: host not found in upstream "app" in /etc/nginx/conf.d/default.conf:16
2023/03/13 09:37:26 [emerg] 1#1: host not found in upstream "app" in /etc/nginx/conf.d/default.conf:16
2023/03/13 09:38:27 [emerg] 1#1: host not found in upstream "app" in /etc/nginx/conf.d/default.conf:16
2023/03/13 09:39:27 [notice] 1#1: using the "epoll" event method
2023/03/13 09:39:27 [notice] 1#1: nginx/1.23.3
2023/03/13 09:39:27 [notice] 1#1: built by gcc 10.2.1 20210110 (Debian 10.2.1-6) 
2023/03/13 09:39:27 [notice] 1#1: OS: Linux 5.15.0-67-generic
2023/03/13 09:39:27 [notice] 1#1: getrlimit(RLIMIT_NOFILE): 1048576:1048576
2023/03/13 09:39:27 [notice] 1#1: start worker processes
2023/03/13 09:39:27 [notice] 1#1: start worker process 28
2023/03/13 09:39:27 [notice] 1#1: start worker process 29
2023/03/13 09:39:27 [notice] 1#1: start worker process 30
2023/03/13 09:39:27 [notice] 1#1: start worker process 31
2023/03/13 09:39:27 [notice] 1#1: start worker process 32
2023/03/13 09:39:27 [notice] 1#1: start worker process 33
2023/03/13 09:39:27 [notice] 1#1: start worker process 34
2023/03/13 09:39:27 [notice] 1#1: start worker process 35
2023/03/13 12:49:11 [notice] 1#1: using the "epoll" event method
2023/03/13 12:49:11 [notice] 1#1: nginx/1.23.3
2023/03/13 12:49:11 [notice] 1#1: built by gcc 10.2.1 20210110 (Debian 10.2.1-6) 
2023/03/13 12:49:11 [notice] 1#1: OS: Linux 5.15.90.1-microsoft-standard-WSL2
2023/03/13 12:49:11 [notice] 1#1: getrlimit(RLIMIT_NOFILE): 1048576:1048576
2023/03/13 12:49:11 [notice] 1#1: start worker processes
2023/03/13 12:49:11 [notice] 1#1: start worker process 28
2023/03/13 12:49:11 [notice] 1#1: start worker process 29
2023/03/13 12:49:11 [notice] 1#1: start worker process 30
2023/03/13 12:49:11 [notice] 1#1: start worker process 31
2023/03/13 12:52:25 [error] 28#28: *1 FastCGI sent in stderr: "PHP message: Xdebug: [Step Debug] Could not connect to debugging client. Tried: 172.17.0.1:9000 (through xdebug.client_host/xdebug.client_port)" while reading response header from upstream, client: 172.19.0.1, server: laravel-onboarding.dev, request: "GET / HTTP/1.1", upstream: "fastcgi://172.19.0.2:9000", host: "localhost:81"
2023/03/13 12:56:37 [notice] 1#1: signal 3 (SIGQUIT) received, shutting down
2023/03/13 12:56:37 [notice] 30#30: gracefully shutting down
2023/03/13 12:56:37 [notice] 30#30: exiting
2023/03/13 12:56:37 [notice] 30#30: exit
2023/03/13 12:56:37 [notice] 28#28: gracefully shutting down
2023/03/13 12:56:37 [notice] 28#28: exiting
2023/03/13 12:56:37 [notice] 28#28: exit
2023/03/13 12:56:37 [notice] 29#29: gracefully shutting down
2023/03/13 12:56:37 [notice] 29#29: exiting
2023/03/13 12:56:37 [notice] 29#29: exit
2023/03/13 12:56:37 [notice] 31#31: gracefully shutting down
2023/03/13 12:56:37 [notice] 31#31: exiting
2023/03/13 12:56:37 [notice] 31#31: exit
2023/03/13 12:56:37 [notice] 1#1: signal 17 (SIGCHLD) received from 30
2023/03/13 12:56:37 [notice] 1#1: worker process 30 exited with code 0
2023/03/13 12:56:37 [notice] 1#1: signal 29 (SIGIO) received
2023/03/13 12:56:37 [notice] 1#1: signal 17 (SIGCHLD) received from 28
2023/03/13 12:56:37 [notice] 1#1: worker process 28 exited with code 0
2023/03/13 12:56:37 [notice] 1#1: signal 29 (SIGIO) received
2023/03/13 12:56:37 [notice] 1#1: signal 17 (SIGCHLD) received from 31
2023/03/13 12:56:37 [notice] 1#1: worker process 31 exited with code 0
2023/03/13 12:56:37 [notice] 1#1: signal 29 (SIGIO) received
2023/03/13 12:56:37 [notice] 1#1: signal 17 (SIGCHLD) received from 29
2023/03/13 12:56:37 [notice] 1#1: worker process 29 exited with code 0
2023/03/13 12:56:37 [notice] 1#1: exit
2023/03/13 12:58:31 [notice] 1#1: using the "epoll" event method
2023/03/13 12:58:31 [notice] 1#1: nginx/1.23.3
2023/03/13 12:58:31 [notice] 1#1: built by gcc 10.2.1 20210110 (Debian 10.2.1-6) 
2023/03/13 12:58:31 [notice] 1#1: OS: Linux 5.15.90.1-microsoft-standard-WSL2
2023/03/13 12:58:31 [notice] 1#1: getrlimit(RLIMIT_NOFILE): 1048576:1048576
2023/03/13 12:58:31 [notice] 1#1: start worker processes
2023/03/13 12:58:31 [notice] 1#1: start worker process 28
2023/03/13 12:58:31 [notice] 1#1: start worker process 29
2023/03/13 12:58:31 [notice] 1#1: start worker process 30
2023/03/13 12:58:31 [notice] 1#1: start worker process 31
2023/03/13 12:59:45 [error] 28#28: *1 FastCGI sent in stderr: "PHP message: Xdebug: [Step Debug] Could not connect to debugging client. Tried: 172.17.0.1:9000 (through xdebug.client_host/xdebug.client_port)" while reading response header from upstream, client: 172.19.0.1, server: laravel-onboarding.dev, request: "GET /index.php?route=/ HTTP/1.1", upstream: "fastcgi://172.19.0.2:9000", host: "localhost:85"
2023/03/13 12:59:52 [error] 29#29: *3 FastCGI sent in stderr: "PHP message: Xdebug: [Step Debug] Could not connect to debugging client. Tried: 172.17.0.1:9000 (through xdebug.client_host/xdebug.client_port)" while reading response header from upstream, client: 172.19.0.1, server: laravel-onboarding.dev, request: "GET / HTTP/1.1", upstream: "fastcgi://172.19.0.2:9000", host: "localhost:85"
2023/03/13 13:01:57 [error] 31#31: *5 FastCGI sent in stderr: "PHP message: Xdebug: [Step Debug] Could not connect to debugging client. Tried: 172.17.0.1:9000 (through xdebug.client_host/xdebug.client_port)" while reading response header from upstream, client: 172.19.0.1, server: laravel-onboarding.dev, request: "GET / HTTP/1.1", upstream: "fastcgi://172.19.0.2:9000", host: "localhost:85"
